2025-03-28 20:22:10,605 - INFO - Script execution started.
2025-03-28 20:22:10,621 - INFO - Biogeme parameters read from biogeme.toml.
2025-03-28 20:22:10,836 - INFO - As the model is not too complex, we activate the calculation of second derivatives. If you want to change it, change the name of the algorithm in the TOML file from "automatic" to "simple_bounds"
2025-03-28 20:22:10,836 - INFO - *** Initial values of the parameters are obtained from the file __1-1-mnl-I.iter
2025-03-28 20:22:10,836 - INFO - Cannot read file __1-1-mnl-I.iter. Statement is ignored.
2025-03-28 20:22:10,841 - INFO - As the model is not too complex, we activate the calculation of second derivatives. If you want to change it, change the name of the algorithm in the TOML file from "automatic" to "simple_bounds"
2025-03-28 20:22:10,842 - INFO - Optimization algorithm: hybrid Newton/BFGS with simple bounds [simple_bounds]
2025-03-28 20:22:10,842 - INFO - ** Optimization: Newton with trust region for simple bounds
2025-03-28 20:22:10,859 - INFO - Iter.          asc_av        asc_avwl          b_cost        b_vot_av      b_vot_avwl        b_vot_hv     Function    Relgrad   Radius      Rho     
2025-03-28 20:22:10,878 - INFO -     0           -0.48           -0.14         -0.0041               1          0.0062           -0.67        3e+03        1.6        1     0.81    +
2025-03-28 20:22:10,896 - INFO -     1           -0.46          -0.065         -0.0031            0.91               1           -0.33        3e+03      0.078       10        1   ++
2025-03-28 20:22:10,902 - INFO -     2           -0.46          -0.065         -0.0031            0.91               1           -0.33        3e+03      0.078        5     -2.3    -
2025-03-28 20:22:10,907 - INFO -     3           -0.46          -0.065         -0.0031            0.91               1           -0.33        3e+03      0.078      2.5    -0.68    -
2025-03-28 20:22:10,924 - INFO -     4           -0.55           -0.09         -0.0038            0.81               3             2.2        3e+03       0.59      2.5     0.77    +
2025-03-28 20:22:10,945 - INFO -     5           -0.47          -0.053         -0.0041             3.3               4             2.3        3e+03        0.6      2.5      0.9    +
2025-03-28 20:22:10,963 - INFO -     6           -0.56           -0.11         -0.0043             3.4             4.9             4.8        3e+03       0.71      2.5     0.84    +
2025-03-28 20:22:10,981 - INFO -     7           -0.49          -0.059         -0.0044             5.9             6.7             5.3        3e+03       0.52       25     0.98   ++
2025-03-28 20:22:11,000 - INFO -     8           -0.54          -0.026         -0.0047              15              17              15        3e+03        2.3       25     0.84    +
2025-03-28 20:22:11,018 - INFO -     9           -0.47          -0.029         -0.0035              18              20              17      2.9e+03       0.17  2.5e+02        1   ++
2025-03-28 20:22:11,036 - INFO -    10           -0.48          -0.072         -0.0037              19              19              18      2.9e+03       0.11  2.5e+02     0.89    +
2025-03-28 20:22:11,054 - INFO -    11           -0.51          -0.085         -0.0035              20              21              20      2.9e+03      0.025  2.5e+03      1.1   ++
2025-03-28 20:22:11,071 - INFO -    12           -0.48          -0.073         -0.0035              21              21              20      2.9e+03      0.033  2.5e+04        1   ++
2025-03-28 20:22:11,089 - INFO -    13            -0.5          -0.081         -0.0034              21              22              21      2.9e+03      0.017  2.5e+05      1.1   ++
2025-03-28 20:22:11,107 - INFO -    14           -0.48          -0.072         -0.0034              22              22              21      2.9e+03      0.018  2.5e+06        1   ++
2025-03-28 20:22:11,125 - INFO -    15           -0.49          -0.078         -0.0033              22              23              22      2.9e+03     0.0097  2.5e+07        1   ++
2025-03-28 20:22:11,144 - INFO -    16           -0.48          -0.071         -0.0033              23              23              22      2.9e+03      0.011  2.5e+08        1   ++
2025-03-28 20:22:11,162 - INFO -    17           -0.49          -0.076         -0.0032              23              24              22      2.9e+03     0.0056  2.5e+09        1   ++
2025-03-28 20:22:11,180 - INFO -    18           -0.48          -0.071         -0.0032              24              24              22      2.9e+03     0.0061    1e+10        1   ++
2025-03-28 20:22:11,199 - INFO -    19           -0.49          -0.074         -0.0032              24              24              23      2.9e+03     0.0033    1e+10        1   ++
2025-03-28 20:22:11,217 - INFO -    20           -0.48           -0.07         -0.0032              24              24              23      2.9e+03     0.0036    1e+10        1   ++
2025-03-28 20:22:11,235 - INFO -    21           -0.48          -0.073         -0.0032              24              25              23      2.9e+03     0.0019    1e+10        1   ++
2025-03-28 20:22:11,254 - INFO -    22           -0.48           -0.07         -0.0032              25              25              23      2.9e+03     0.0021    1e+10        1   ++
2025-03-28 20:22:11,272 - INFO -    23           -0.48          -0.072         -0.0031              25              25              24      2.9e+03     0.0011    1e+10        1   ++
2025-03-28 20:22:11,289 - INFO -    24           -0.48           -0.07         -0.0031              25              25              24      2.9e+03     0.0012    1e+10        1   ++
2025-03-28 20:22:11,308 - INFO -    25           -0.48          -0.071         -0.0031              25              25              24      2.9e+03    0.00068    1e+10        1   ++
2025-03-28 20:22:11,325 - INFO -    26           -0.48           -0.07         -0.0031              25              25              24      2.9e+03    0.00073    1e+10        1   ++
2025-03-28 20:22:11,343 - INFO -    27           -0.48          -0.071         -0.0031              25              26              24      2.9e+03    0.00041    1e+10        1   ++
2025-03-28 20:22:11,361 - INFO -    28           -0.48           -0.07         -0.0031              25              26              24      2.9e+03    0.00044    1e+10        1   ++
2025-03-28 20:22:11,379 - INFO -    29           -0.48           -0.07         -0.0031              25              26              24      2.9e+03    0.00027    1e+10        1   ++
2025-03-28 20:22:11,397 - INFO -    30           -0.48          -0.069         -0.0031              25              26              24      2.9e+03    0.00026    1e+10        1   ++
2025-03-28 20:22:11,415 - INFO -    31           -0.48           -0.07         -0.0031              25              26              24      2.9e+03    0.00021    1e+10        1   ++
2025-03-28 20:22:11,432 - INFO -    32           -0.48          -0.069         -0.0031              26              26              24      2.9e+03    0.00016    1e+10        1   ++
2025-03-28 20:22:11,451 - INFO -    33           -0.48           -0.07         -0.0031              26              26              24      2.9e+03    0.00016    1e+10        1   ++
2025-03-28 20:22:11,462 - INFO -    34           -0.48           -0.07         -0.0031              26              26              24      2.9e+03    0.00012    1e+10        1   ++
2025-03-28 20:22:11,482 - INFO - Results saved in file 1-1-mnl-I.html
2025-03-28 20:22:11,484 - INFO - Results saved in file 1-1-mnl-I.pickle
