2025-03-28 20:29:34,985 - INFO - Script execution started.
2025-03-28 20:29:35,000 - INFO - Biogeme parameters read from biogeme.toml.
2025-03-28 20:29:35,253 - INFO - As the model is not too complex, we activate the calculation of second derivatives. If you want to change it, change the name of the algorithm in the TOML file from "automatic" to "simple_bounds"
2025-03-28 20:29:35,253 - INFO - *** Initial values of the parameters are obtained from the file __2-1-mnl-II-initial.iter
2025-03-28 20:29:35,254 - INFO - Cannot read file __2-1-mnl-II-initial.iter. Statement is ignored.
2025-03-28 20:29:35,274 - INFO - As the model is not too complex, we activate the calculation of second derivatives. If you want to change it, change the name of the algorithm in the TOML file from "automatic" to "simple_bounds"
2025-03-28 20:29:35,274 - INFO - Optimization algorithm: hybrid Newton/BFGS with simple bounds [simple_bounds]
2025-03-28 20:29:35,274 - INFO - ** Optimization: Newton with trust region for simple bounds
2025-03-28 20:29:37,678 - INFO - Iter.     Function    Relgrad   Radius      Rho     
2025-03-28 20:29:38,215 - INFO -     0      2.5e+03       0.71       10     0.98   ++
2025-03-28 20:29:38,251 - INFO -     1      2.5e+03       0.71        5     -4.8    -
2025-03-28 20:29:38,771 - INFO -     2      2.5e+03        5.1        5     0.14    +
2025-03-28 20:29:38,804 - INFO -     3      2.5e+03        5.1      2.5      -10    -
2025-03-28 20:29:38,833 - INFO -     4      2.5e+03        5.1      1.2     -2.1    -
2025-03-28 20:29:38,862 - INFO -     5      2.5e+03        5.1     0.62     0.06    -
2025-03-28 20:29:39,369 - INFO -     6      2.5e+03          2     0.62     0.71    +
2025-03-28 20:29:39,884 - INFO -     7      2.5e+03        0.3      6.2      1.1   ++
2025-03-28 20:29:39,914 - INFO -     8      2.5e+03        0.3      3.1     -1.9    -
2025-03-28 20:29:40,424 - INFO -     9      2.5e+03       0.19      3.1     0.52    +
2025-03-28 20:29:40,954 - INFO -    10      2.4e+03        0.6       31     0.93   ++
2025-03-28 20:29:41,472 - INFO -    11      2.4e+03        1.3  3.1e+02     0.91   ++
2025-03-28 20:29:41,993 - INFO -    12      2.4e+03      0.082  3.1e+03      1.1   ++
2025-03-28 20:29:42,514 - INFO -    13      2.4e+03       0.24  3.1e+04      1.1   ++
2025-03-28 20:29:43,036 - INFO -    14      2.4e+03      0.063  3.1e+05        1   ++
2025-03-28 20:29:43,556 - INFO -    15      2.4e+03      0.033  3.1e+06      1.1   ++
2025-03-28 20:29:44,073 - INFO -    16      2.4e+03      0.034  3.1e+07        1   ++
2025-03-28 20:29:44,590 - INFO -    17      2.4e+03     0.0025  3.1e+08      1.1   ++
2025-03-28 20:29:45,112 - INFO -    18      2.4e+03      0.015  3.1e+09        1   ++
2025-03-28 20:29:45,637 - INFO -    19      2.4e+03     0.0051    1e+10        1   ++
2025-03-28 20:29:46,152 - INFO -    20      2.4e+03      0.007    1e+10        1   ++
2025-03-28 20:29:46,663 - INFO -    21      2.4e+03      0.013    1e+10        1   ++
2025-03-28 20:29:47,184 - INFO -    22      2.4e+03     0.0043    1e+10        1   ++
2025-03-28 20:29:47,702 - INFO -    23      2.4e+03      0.002    1e+10        1   ++
2025-03-28 20:29:48,223 - INFO -    24      2.4e+03     0.0025    1e+10        1   ++
2025-03-28 20:29:48,741 - INFO -    25      2.4e+03     0.0013    1e+10        1   ++
2025-03-28 20:29:49,257 - INFO -    26      2.4e+03     0.0018    1e+10        1   ++
2025-03-28 20:29:49,772 - INFO -    27      2.4e+03    0.00087    1e+10        1   ++
2025-03-28 20:29:50,290 - INFO -    28      2.4e+03     0.0011    1e+10        1   ++
2025-03-28 20:29:50,801 - INFO -    29      2.4e+03     0.0041    1e+10        1   ++
2025-03-28 20:29:51,308 - INFO -    30      2.4e+03    0.00074    1e+10        1   ++
2025-03-28 20:29:51,825 - INFO -    31      2.4e+03       0.02    1e+10        1   ++
2025-03-28 20:29:52,343 - INFO -    32      2.4e+03    0.00021    1e+10        1   ++
2025-03-28 20:29:52,851 - INFO -    33      2.4e+03     0.0057    1e+10        1   ++
2025-03-28 20:29:53,369 - INFO -    34      2.4e+03    0.00032    1e+10        1   ++
2025-03-28 20:29:53,893 - INFO -    35      2.4e+03     0.0076    1e+10        1   ++
2025-03-28 20:29:53,990 - INFO -    36      2.4e+03    0.00011    1e+10        1   ++
2025-03-28 20:29:55,608 - INFO - Results saved in file 2-1-mnl-II-initial.html
2025-03-28 20:29:55,632 - INFO - Results saved in file 2-1-mnl-II-initial.pickle
