2025-03-28 21:00:33,897 - INFO - Script execution started.
2025-03-28 21:00:33,989 - INFO - Biogeme parameters read from biogeme.toml.
2025-03-28 21:01:12,929 - INFO - As the model is rather complex, we cancel the calculation of second derivatives. If you want to control the parameters, change the name of the algorithm in the TOML file from "automatic" to "simple_bounds"
2025-03-28 21:01:12,929 - INFO - *** Initial values of the parameters are obtained from the file __3-1-mxl-III.iter
2025-03-28 21:01:12,930 - INFO - Parameter values restored from __3-1-mxl-III.iter
2025-03-28 21:01:13,885 - INFO - As the model is rather complex, we cancel the calculation of second derivatives. If you want to control the parameters, change the name of the algorithm in the TOML file from "automatic" to "simple_bounds"
2025-03-28 21:01:13,885 - INFO - Optimization algorithm: hybrid Newton/BFGS with simple bounds [simple_bounds]
2025-03-28 21:01:13,885 - INFO - ** Optimization: BFGS with trust region for simple bounds
2025-03-28 21:01:17,916 - INFO - Iter.          asc_av        asc_avwl          b_cost        b_vot_av      b_vot_avwl        b_vot_hv        s_asc_av      s_asc_avwl    sigma_vot_av  sigma_vot_avwl    sigma_vot_hv     Function    Relgrad   Radius      Rho     
2025-03-28 21:01:23,133 - INFO -     0           -0.79           -0.59         -0.0059              33              31              48           -0.21             1.6             -20             -10         1.7e+02      2.5e+03      0.042      0.5        0    -
2025-03-28 21:01:28,150 - INFO -     1           -0.79           -0.59         -0.0059              33              31              48           -0.21             1.6             -20             -10         1.7e+02      2.5e+03      0.042     0.25        0    -
2025-03-28 21:01:33,285 - INFO -     2           -0.79           -0.59         -0.0059              33              31              48           -0.21             1.6             -20             -10         1.7e+02      2.5e+03      0.042     0.12 -8.8e+02    -
2025-03-28 21:01:38,004 - INFO -     3           -0.79           -0.59         -0.0059              33              31              48           -0.21             1.6             -20             -10         1.7e+02      2.5e+03      0.042    0.062 -8.8e+02    -
2025-03-28 21:01:42,951 - INFO -     4           -0.79           -0.59         -0.0059              33              31              48           -0.21             1.6             -20             -10         1.7e+02      2.5e+03      0.042    0.031 -8.4e+02    -
2025-03-28 21:01:47,607 - INFO -     5           -0.79           -0.59         -0.0059              33              31              48           -0.21             1.6             -20             -10         1.7e+02      2.5e+03      0.042    0.016 -7.4e+02    -
2025-03-28 21:01:52,021 - INFO -     6           -0.79           -0.59         -0.0059              33              31              48           -0.21             1.6             -20             -10         1.7e+02      2.5e+03      0.042   0.0078 -5.4e+02    -
2025-03-28 21:01:56,825 - INFO -     7           -0.79           -0.59         -0.0059              33              31              48           -0.21             1.6             -20             -10         1.7e+02      2.5e+03      0.042   0.0039 -3.5e+02    -
2025-03-28 21:02:01,790 - INFO -     8           -0.79           -0.59         -0.0059              33              31              48           -0.21             1.6             -20             -10         1.7e+02      2.5e+03      0.042    0.002 -2.1e+02    -
2025-03-28 21:02:06,546 - INFO -     9           -0.79           -0.59         -0.0059              33              31              48           -0.21             1.6             -20             -10         1.7e+02      2.5e+03      0.042  0.00098      -78    -
2025-03-28 21:02:11,689 - INFO -    10           -0.79           -0.59         -0.0059              33              31              48           -0.21             1.6             -20             -10         1.7e+02      2.5e+03      0.042  0.00049      -34    -
2025-03-28 21:02:16,400 - INFO -    11           -0.79           -0.59         -0.0059              33              31              48           -0.21             1.6             -20             -10         1.7e+02      2.5e+03      0.042  0.00024      -15    -
2025-03-28 21:02:21,358 - INFO -    12           -0.79           -0.59         -0.0059              33              31              48           -0.21             1.6             -20             -10         1.7e+02      2.5e+03      0.042  0.00012       -7    -
2025-03-28 21:02:26,382 - INFO -    13           -0.79           -0.59         -0.0059              33              31              48           -0.21             1.6             -20             -10         1.7e+02      2.5e+03      0.042  6.1e-05     -2.9    -
2025-03-28 21:02:31,072 - INFO -    14           -0.79           -0.59         -0.0059              33              31              48           -0.21             1.6             -20             -10         1.7e+02      2.5e+03      0.042  3.1e-05    -0.95    -
2025-03-28 21:02:35,881 - INFO -    15           -0.79           -0.59         -0.0059              33              31              48           -0.21             1.6             -20             -10         1.7e+02      2.5e+03      0.042  1.5e-05    0.028    -
2025-03-28 21:02:48,629 - INFO -    16           -0.79           -0.59         -0.0059              33              31              48           -0.21             1.6             -20             -10         1.7e+02      2.5e+03     0.0014  1.5e-05     0.51    +
2025-03-28 21:03:01,097 - INFO -    17           -0.79           -0.59         -0.0059              33              31              48           -0.21             1.6             -20             -10         1.7e+02      2.5e+03     0.0014  0.00015        1   ++
2025-03-28 21:03:14,095 - INFO -    18           -0.79           -0.59         -0.0059              33              31              48           -0.21             1.6             -20             -10         1.7e+02      2.5e+03     0.0014   0.0015     0.99   ++
2025-03-28 21:03:26,653 - INFO -    19           -0.79           -0.59         -0.0058              33              31              48           -0.21             1.6             -20             -10         1.7e+02      2.5e+03     0.0083    0.015     0.91   ++
2025-03-28 21:03:39,259 - INFO -    20           -0.79            -0.6         -0.0059              33              31              48           -0.19             1.6             -20             -10         1.7e+02      2.5e+03     0.0011     0.15     0.91   ++
2025-03-28 21:03:43,885 - INFO -    21           -0.79            -0.6         -0.0059              33              31              48           -0.19             1.6             -20             -10         1.7e+02      2.5e+03     0.0011    0.076     -2.9    -
2025-03-28 21:03:48,321 - INFO -    22           -0.79            -0.6         -0.0059              33              31              48           -0.19             1.6             -20             -10         1.7e+02      2.5e+03     0.0011    0.038     -1.6    -
2025-03-28 21:03:53,338 - INFO -    23           -0.79            -0.6         -0.0059              33              31              48           -0.19             1.6             -20             -10         1.7e+02      2.5e+03     0.0011    0.019     -1.4    -
2025-03-28 21:03:57,997 - INFO -    24           -0.79            -0.6         -0.0059              33              31              48           -0.19             1.6             -20             -10         1.7e+02      2.5e+03     0.0011   0.0095  -0.0043    -
2025-03-28 21:04:10,537 - INFO -    25           -0.78           -0.59         -0.0059              33              31              48           -0.18             1.6             -20             -10         1.7e+02      2.5e+03     0.0026   0.0095     0.59    +
2025-03-28 21:04:15,107 - INFO -    26           -0.78           -0.59         -0.0059              33              31              48           -0.18             1.6             -20             -10         1.7e+02      2.5e+03     0.0026   0.0048    -0.18    -
2025-03-28 21:04:27,923 - INFO -    27           -0.79           -0.59         -0.0059              33              31              48           -0.18             1.6             -20             -10         1.7e+02      2.5e+03     0.0045   0.0048     0.24    +
2025-03-28 21:04:40,911 - INFO -    28           -0.79            -0.6         -0.0059              33              31              48           -0.17             1.6             -20             -10         1.7e+02      2.5e+03     0.0012   0.0048     0.87    +
2025-03-28 21:04:53,573 - INFO -    29           -0.79           -0.59         -0.0059              33              31              48           -0.17             1.6             -20             -10         1.7e+02      2.5e+03     0.0012    0.048     0.92   ++
2025-03-28 21:05:06,036 - INFO -    30           -0.78           -0.59         -0.0059              33              31              48           -0.12             1.6             -20             -10         1.7e+02      2.5e+03     0.0057    0.048     0.44    +
2025-03-28 21:05:10,467 - INFO -    31           -0.78           -0.59         -0.0059              33              31              48           -0.12             1.6             -20             -10         1.7e+02      2.5e+03     0.0057    0.024    -0.83    -
2025-03-28 21:05:15,118 - INFO -    32           -0.78           -0.59         -0.0059              33              31              48           -0.12             1.6             -20             -10         1.7e+02      2.5e+03     0.0057    0.012    -0.63    -
2025-03-28 21:05:27,459 - INFO -    33           -0.79            -0.6         -0.0059              33              31              48           -0.12             1.5             -20             -10         1.7e+02      2.5e+03     0.0027    0.012     0.49    +
2025-03-28 21:05:40,167 - INFO -    34           -0.78            -0.6         -0.0059              33              31              48           -0.11             1.6             -20             -10         1.7e+02      2.5e+03     0.0029    0.012     0.53    +
2025-03-28 21:05:52,799 - INFO -    35           -0.78           -0.59         -0.0059              33              31              48           -0.11             1.6             -20             -10         1.7e+02      2.5e+03     0.0014    0.012     0.21    +
2025-03-28 21:05:57,296 - INFO -    36           -0.78           -0.59         -0.0059              33              31              48           -0.11             1.6             -20             -10         1.7e+02      2.5e+03     0.0014    0.006    0.099    -
2025-03-28 21:06:09,733 - INFO -    37           -0.78           -0.59         -0.0059              33              31              48           -0.11             1.6             -20             -10         1.7e+02      2.5e+03     0.0012    0.006     0.41    +
2025-03-28 21:06:22,666 - INFO -    38           -0.78            -0.6         -0.0059              33              31              48            -0.1             1.6             -20             -10         1.7e+02      2.5e+03     0.0012    0.006     0.89    +
2025-03-28 21:06:35,098 - INFO -    39           -0.78           -0.59         -0.0059              33              31              48          -0.098             1.6             -20             -10         1.7e+02      2.5e+03     0.0012     0.06     0.97   ++
2025-03-28 21:06:48,159 - INFO -    40           -0.78            -0.6         -0.0059              33              31              48          -0.047             1.6             -20             -10         1.7e+02      2.5e+03      0.018      0.6     0.92   ++
2025-03-28 21:06:52,651 - INFO -    41           -0.78            -0.6         -0.0059              33              31              48          -0.047             1.6             -20             -10         1.7e+02      2.5e+03      0.018     0.22     -2.8    -
2025-03-28 21:06:57,449 - INFO -    42           -0.78            -0.6         -0.0059              33              31              48          -0.047             1.6             -20             -10         1.7e+02      2.5e+03      0.018     0.11     -1.6    -
2025-03-28 21:07:02,427 - INFO -    43           -0.78            -0.6         -0.0059              33              31              48          -0.047             1.6             -20             -10         1.7e+02      2.5e+03      0.018    0.055     -0.7    -
2025-03-28 21:07:06,765 - INFO -    44           -0.78            -0.6         -0.0059              33              31              48          -0.047             1.6             -20             -10         1.7e+02      2.5e+03      0.018    0.027    -0.64    -
2025-03-28 21:07:11,692 - INFO -    45           -0.78            -0.6         -0.0059              33              31              48          -0.047             1.6             -20             -10         1.7e+02      2.5e+03      0.018    0.014    -0.96    -
2025-03-28 21:07:16,212 - INFO -    46           -0.78            -0.6         -0.0059              33              31              48          -0.047             1.6             -20             -10         1.7e+02      2.5e+03      0.018   0.0068    -0.95    -
2025-03-28 21:07:29,013 - INFO -    47           -0.78           -0.59         -0.0059              33              31              48          -0.046             1.6             -20             -10         1.7e+02      2.5e+03      0.007   0.0068     0.22    +
2025-03-28 21:07:41,239 - INFO -    48           -0.78           -0.59         -0.0059              33              31              48          -0.044             1.6             -20             -10         1.7e+02      2.5e+03     0.0033   0.0068      0.9    +
2025-03-28 21:07:53,502 - INFO -    49           -0.78            -0.6         -0.0059              33              31              48          -0.041             1.6             -20             -10         1.7e+02      2.5e+03      0.005   0.0068     0.45    +
2025-03-28 21:08:05,925 - INFO -    50           -0.78           -0.59         -0.0059              33              31              48          -0.039             1.6             -20             -10         1.7e+02      2.5e+03     0.0011    0.068     0.99   ++
2025-03-28 21:08:18,535 - INFO -    51           -0.78            -0.6         -0.0059              33              31              48          -0.017             1.6             -20             -10         1.7e+02      2.5e+03     0.0036     0.68      1.1   ++
2025-03-28 21:08:31,139 - INFO -    52           -0.76           -0.59         -0.0059              34              31              48           0.072             1.6             -20             -10         1.7e+02      2.5e+03      0.018      6.8      1.2   ++
2025-03-28 21:08:44,073 - INFO -    53           -0.76           -0.58         -0.0058              34              31              48           0.025             1.6             -20            -9.9         1.7e+02      2.5e+03      0.043       68      1.2   ++
2025-03-28 21:08:48,682 - INFO -    54           -0.76           -0.58         -0.0058              34              31              48           0.025             1.6             -20            -9.9         1.7e+02      2.5e+03      0.043     0.14    -0.11    -
2025-03-28 21:09:01,229 - INFO -    55           -0.76           -0.58         -0.0058              34              31              47           0.059             1.6             -20            -9.9         1.7e+02      2.5e+03     0.0034     0.14     0.83    +
2025-03-28 21:09:13,786 - INFO -    56           -0.75           -0.57         -0.0058              34              31              47           0.025             1.6             -20            -9.9         1.7e+02      2.5e+03     0.0063      1.4      1.2   ++
2025-03-28 21:09:26,121 - INFO -    57           -0.75           -0.57         -0.0058              34              31              47         -0.0037             1.6             -20            -9.8         1.7e+02      2.5e+03     0.0021       14      1.7   ++
2025-03-28 21:09:30,768 - INFO -    58           -0.75           -0.57         -0.0058              34              31              47         -0.0037             1.6             -20            -9.8         1.7e+02      2.5e+03     0.0021     0.13    -0.58    -
2025-03-28 21:09:43,230 - INFO -    59           -0.75           -0.57         -0.0058              34              31              47           -0.11             1.6             -20            -9.7         1.7e+02      2.5e+03       0.03     0.13     0.51    +
2025-03-28 21:09:55,844 - INFO -    60           -0.75           -0.57         -0.0058              34              31              47          -0.043             1.6             -20            -9.7         1.7e+02      2.5e+03      0.012     0.13     0.87    +
2025-03-28 21:10:08,232 - INFO -    61           -0.75           -0.57         -0.0058              34              31              47          -0.049             1.6             -20            -9.6         1.7e+02      2.5e+03      0.011      1.3      1.7   ++
2025-03-28 21:10:20,874 - INFO -    62           -0.75           -0.57         -0.0059              33              31              47          -0.054             1.6             -20            -9.3         1.7e+02      2.5e+03     0.0059       13      1.1   ++
2025-03-28 21:10:34,084 - INFO -    63           -0.75           -0.57         -0.0059              33              31              47          -0.053             1.6             -20            -9.2         1.7e+02      2.5e+03    0.00015  1.3e+02      1.1   ++
2025-03-28 21:10:46,596 - INFO -    64           -0.75           -0.57         -0.0059              33              31              47          -0.037             1.6             -20            -9.2         1.7e+02      2.5e+03     0.0013  1.3e+03      1.5   ++
2025-03-28 21:10:58,969 - INFO -    65           -0.75           -0.57         -0.0059              33              31              47         -0.0051             1.6             -20            -9.1         1.7e+02      2.5e+03     0.0005  1.3e+04      1.4   ++
2025-03-28 21:11:11,514 - INFO -    66           -0.75           -0.57         -0.0059              33              31              47           0.018             1.6             -20              -9         1.7e+02      2.5e+03     0.0026  1.3e+05      1.4   ++
2025-03-28 21:11:23,999 - INFO -    67           -0.75           -0.57         -0.0059              33              31              47           0.034             1.6             -20              -9         1.7e+02      2.5e+03     0.0037  1.3e+06      1.6   ++
2025-03-28 21:11:36,927 - INFO -    68           -0.75           -0.57         -0.0059              33              31              47           0.052             1.6             -20              -9         1.7e+02      2.5e+03     0.0019  1.3e+07      1.4   ++
2025-03-28 21:11:49,569 - INFO -    69           -0.75           -0.57         -0.0059              33              31              47           0.059             1.6             -19            -8.9         1.7e+02      2.5e+03     0.0011  1.3e+08      1.5   ++
2025-03-28 21:12:02,672 - INFO -    70           -0.75           -0.57         -0.0059              33              31              47           0.058             1.6             -19            -8.8         1.7e+02      2.5e+03      0.004  1.3e+09      1.3   ++
2025-03-28 21:12:14,719 - INFO -    71           -0.75           -0.57         -0.0059              33              31              47           0.052             1.6             -19            -8.7         1.7e+02      2.5e+03     0.0053    1e+10      1.4   ++
2025-03-28 21:12:27,094 - INFO -    72           -0.75           -0.57         -0.0059              33              31              47           0.048             1.6             -19            -8.7         1.7e+02      2.5e+03     0.0018    1e+10      1.3   ++
2025-03-28 21:12:40,000 - INFO -    73           -0.75           -0.57         -0.0059              33              31              47           0.038             1.6             -19            -8.7         1.7e+02      2.5e+03    0.00059    1e+10      1.2   ++
2025-03-28 21:12:52,956 - INFO -    74           -0.75           -0.57         -0.0059              33              31              47           0.039             1.6             -19            -8.6         1.7e+02      2.5e+03     0.0014    1e+10      1.5   ++
2025-03-28 21:13:05,500 - INFO -    75           -0.75           -0.57         -0.0059              33              31              47            0.04             1.6             -19            -8.6         1.7e+02      2.5e+03      0.003    1e+10      1.5   ++
2025-03-28 21:13:18,532 - INFO -    76           -0.75           -0.57         -0.0059              33              31              47           0.042             1.6             -19            -8.6         1.7e+02      2.5e+03     0.0046    1e+10      1.7   ++
2025-03-28 21:13:31,241 - INFO -    77           -0.75           -0.57         -0.0059              33              31              47           0.046             1.6             -19            -8.5         1.7e+02      2.5e+03     0.0047    1e+10      1.3   ++
2025-03-28 21:13:43,949 - INFO -    78           -0.75           -0.57         -0.0059              33              31              47           0.049             1.6             -19            -8.5         1.7e+02      2.5e+03     0.0021    1e+10      1.2   ++
2025-03-28 21:13:56,302 - INFO -    79           -0.75           -0.57         -0.0059              33              31              47           0.049             1.6             -19            -8.5         1.7e+02      2.5e+03    0.00061    1e+10      1.2   ++
2025-03-28 21:14:08,818 - INFO -    80           -0.75           -0.57         -0.0059              33              31              47           0.051             1.6             -19            -8.5         1.7e+02      2.5e+03    0.00016    1e+10      1.1   ++
2025-03-28 21:14:20,891 - INFO -    81           -0.75           -0.57         -0.0059              33              31              47           0.051             1.6             -19            -8.5         1.7e+02      2.5e+03    0.00024    1e+10      1.6   ++
2025-03-28 21:14:33,475 - INFO -    82           -0.75           -0.57         -0.0059              33              31              47           0.051             1.6             -19            -8.5         1.7e+02      2.5e+03    0.00033    1e+10      1.6   ++
2025-03-28 21:14:45,658 - INFO -    83           -0.75           -0.57         -0.0059              33              31              47           0.051             1.6             -19            -8.5         1.7e+02      2.5e+03    0.00048    1e+10      1.6   ++
2025-03-28 21:14:58,362 - INFO -    84           -0.75           -0.57         -0.0058              33              31              47            0.05             1.6             -19            -8.5         1.7e+02      2.5e+03    0.00072    1e+10      1.6   ++
2025-03-28 21:15:11,362 - INFO -    85           -0.75           -0.57         -0.0058              33              31              47           0.048             1.6             -19            -8.5         1.7e+02      2.5e+03      0.001    1e+10      1.6   ++
2025-03-28 21:15:24,592 - INFO -    86           -0.75           -0.57         -0.0058              33              31              47           0.046             1.6             -20            -8.5         1.7e+02      2.5e+03     0.0013    1e+10      1.5   ++
2025-03-28 21:15:37,366 - INFO -    87           -0.75           -0.57         -0.0058              33              31              47           0.045             1.6             -20            -8.5         1.7e+02      2.5e+03    0.00092    1e+10      1.4   ++
2025-03-28 21:15:49,900 - INFO -    88           -0.75           -0.57         -0.0058              33              31              47           0.046             1.6             -20            -8.5         1.7e+02      2.5e+03     0.0004    1e+10      1.5   ++
2025-03-28 21:16:02,598 - INFO -    89           -0.75           -0.57         -0.0058              33              31              47           0.046             1.6             -20            -8.5         1.7e+02      2.5e+03    9.6e-06    1e+10        1   ++
2025-03-28 21:16:14,772 - INFO - Results saved in file 3-1-mxl-III~00.html
2025-03-28 21:16:14,775 - INFO - Results saved in file 3-1-mxl-III.pickle
