2025-03-28 21:43:47,693 - INFO - Script execution started.
2025-03-28 21:43:47,786 - INFO - Biogeme parameters read from biogeme.toml.
2025-03-28 21:43:56,844 - INFO - As the model is rather complex, we cancel the calculation of second derivatives. If you want to control the parameters, change the name of the algorithm in the TOML file from "automatic" to "simple_bounds"
2025-03-28 21:43:56,845 - INFO - *** Initial values of the parameters are obtained from the file __4-2-mxl-IV-final.iter
2025-03-28 21:43:56,845 - INFO - Cannot read file __4-2-mxl-IV-final.iter. Statement is ignored.
2025-03-28 21:43:57,342 - INFO - As the model is rather complex, we cancel the calculation of second derivatives. If you want to control the parameters, change the name of the algorithm in the TOML file from "automatic" to "simple_bounds"
2025-03-28 21:43:57,342 - INFO - Optimization algorithm: hybrid Newton/BFGS with simple bounds [simple_bounds]
2025-03-28 21:43:57,342 - INFO - ** Optimization: BFGS with trust region for simple bounds
2025-03-28 21:44:01,609 - INFO - Iter.     Function    Relgrad   Radius      Rho     
2025-03-28 21:44:03,579 - INFO -     0      3.1e+03        2.1      0.5        0    -
2025-03-28 21:44:06,203 - INFO -     1      3.1e+03        2.1     0.25     -5.6    -
2025-03-28 21:44:08,818 - INFO -     2      3.1e+03        2.1     0.12     -5.3    -
2025-03-28 21:44:11,436 - INFO -     3      3.1e+03        2.1    0.062     -4.6    -
2025-03-28 21:44:14,139 - INFO -     4      3.1e+03        2.1    0.031     -3.7    -
2025-03-28 21:44:16,758 - INFO -     5      3.1e+03        2.1    0.016     -2.4    -
2025-03-28 21:44:19,372 - INFO -     6      3.1e+03        2.1   0.0078     -1.1    -
2025-03-28 21:44:22,000 - INFO -     7      3.1e+03        2.1   0.0039   -0.098    -
2025-03-28 21:44:31,822 - INFO -     8      3.1e+03          2   0.0039     0.47    +
2025-03-28 21:44:42,200 - INFO -     9      3.1e+03       0.39    0.039     0.95   ++
2025-03-28 21:44:52,494 - INFO -    10        3e+03        1.2    0.039     0.89    +
2025-03-28 21:44:54,942 - INFO -    11        3e+03        1.2     0.02    -0.15    -
2025-03-28 21:44:57,404 - INFO -    12        3e+03        1.2   0.0098     -0.2    -
2025-03-28 21:44:59,852 - INFO -    13        3e+03        1.2   0.0049    -0.43    -
2025-03-28 21:45:02,311 - INFO -    14        3e+03        1.2   0.0024    0.037    -
2025-03-28 21:45:12,603 - INFO -    15        3e+03        1.4   0.0024     0.55    +
2025-03-28 21:45:23,017 - INFO -    16        3e+03       0.27    0.024        1   ++
2025-03-28 21:45:33,229 - INFO -    17        3e+03        1.5    0.024     0.89    +
2025-03-28 21:45:43,384 - INFO -    18      2.9e+03        3.5    0.024     0.42    +
2025-03-28 21:45:53,761 - INFO -    19      2.9e+03       0.99    0.024     0.78    +
2025-03-28 21:46:04,248 - INFO -    20      2.8e+03       0.78    0.024     0.84    +
2025-03-28 21:46:14,825 - INFO -    21      2.8e+03        1.4    0.024     0.77    +
2025-03-28 21:46:25,095 - INFO -    22      2.8e+03        0.4     0.24     0.91   ++
2025-03-28 21:46:35,359 - INFO -    23      2.7e+03       0.16      2.4     0.97   ++
2025-03-28 21:46:37,772 - INFO -    24      2.7e+03       0.16      1.2     -1.3    -
2025-03-28 21:46:40,261 - INFO -    25      2.7e+03       0.16     0.61     -1.3    -
2025-03-28 21:46:42,744 - INFO -    26      2.7e+03       0.16     0.31     -1.2    -
2025-03-28 21:46:45,188 - INFO -    27      2.7e+03       0.16     0.15     -1.3    -
2025-03-28 21:46:47,692 - INFO -    28      2.7e+03       0.16    0.076    0.008    -
2025-03-28 21:46:58,065 - INFO -    29      2.7e+03        0.8    0.076     0.58    +
2025-03-28 21:47:00,528 - INFO -    30      2.7e+03        0.8    0.038     0.08    -
2025-03-28 21:47:10,971 - INFO -    31      2.6e+03       0.53    0.038     0.65    +
2025-03-28 21:47:21,269 - INFO -    32      2.6e+03      0.097     0.38     0.97   ++
2025-03-28 21:47:31,420 - INFO -    33      2.5e+03       0.12     0.38     0.75    +
2025-03-28 21:47:41,783 - INFO -    34      2.5e+03       0.22     0.38      0.1    +
2025-03-28 21:47:52,002 - INFO -    35      2.4e+03      0.035     0.38     0.62    +
2025-03-28 21:47:54,479 - INFO -    36      2.4e+03      0.035     0.19     -1.8    -
2025-03-28 21:47:56,989 - INFO -    37      2.4e+03      0.035    0.095    -0.35    -
2025-03-28 21:48:07,427 - INFO -    38      2.4e+03      0.029    0.095     0.42    +
2025-03-28 21:48:09,920 - INFO -    39      2.4e+03      0.029    0.048   -0.085    -
2025-03-28 21:48:20,407 - INFO -    40      2.4e+03      0.036    0.048     0.88    +
2025-03-28 21:48:22,894 - INFO -    41      2.4e+03      0.036    0.024   -0.087    -
2025-03-28 21:48:33,178 - INFO -    42      2.4e+03     0.0086    0.024     0.56    +
2025-03-28 21:48:43,497 - INFO -    43      2.4e+03      0.026    0.024     0.86    +
2025-03-28 21:48:53,718 - INFO -    44      2.4e+03       0.01     0.24     0.91   ++
2025-03-28 21:49:04,127 - INFO -    45      2.4e+03      0.069     0.24     0.62    +
2025-03-28 21:49:06,506 - INFO -    46      2.4e+03      0.069     0.12     -1.8    -
2025-03-28 21:49:09,051 - INFO -    47      2.4e+03      0.069     0.06    -0.91    -
2025-03-28 21:49:19,446 - INFO -    48      2.4e+03      0.045     0.06     0.61    +
2025-03-28 21:49:29,833 - INFO -    49      2.4e+03      0.016     0.06     0.39    +
2025-03-28 21:49:40,033 - INFO -    50      2.4e+03      0.021     0.06     0.89    +
2025-03-28 21:49:50,442 - INFO -    51      2.4e+03      0.034     0.06     0.59    +
2025-03-28 21:50:00,896 - INFO -    52      2.4e+03      0.011     0.06     0.85    +
2025-03-28 21:50:11,344 - INFO -    53      2.4e+03     0.0056     0.06     0.62    +
2025-03-28 21:50:21,690 - INFO -    54      2.4e+03     0.0026     0.06     0.85    +
2025-03-28 21:50:32,197 - INFO -    55      2.4e+03     0.0052     0.06     0.41    +
2025-03-28 21:50:42,468 - INFO -    56      2.4e+03     0.0019     0.06     0.88    +
2025-03-28 21:50:44,886 - INFO -    57      2.4e+03     0.0019     0.03     -2.9    -
2025-03-28 21:50:47,408 - INFO -    58      2.4e+03     0.0019    0.015    -0.88    -
2025-03-28 21:50:49,893 - INFO -    59      2.4e+03     0.0019   0.0075    -0.14    -
2025-03-28 21:51:00,396 - INFO -    60      2.4e+03      0.005   0.0075     0.51    +
2025-03-28 21:51:10,721 - INFO -    61      2.4e+03     0.0025   0.0075     0.65    +
2025-03-28 21:51:20,983 - INFO -    62      2.4e+03     0.0022   0.0075     0.84    +
2025-03-28 21:51:31,349 - INFO -    63      2.4e+03      0.002    0.075     0.97   ++
2025-03-28 21:51:33,824 - INFO -    64      2.4e+03      0.002    0.037    0.066    -
2025-03-28 21:51:44,284 - INFO -    65      2.4e+03      0.009    0.037     0.44    +
2025-03-28 21:51:46,655 - INFO -    66      2.4e+03      0.009    0.019     -2.1    -
2025-03-28 21:51:56,873 - INFO -    67      2.4e+03     0.0045    0.019     0.42    +
2025-03-28 21:52:07,134 - INFO -    68      2.4e+03      0.006    0.019     0.15    +
2025-03-28 21:52:17,436 - INFO -    69      2.4e+03     0.0039    0.019     0.58    +
2025-03-28 21:52:27,812 - INFO -    70      2.4e+03     0.0049    0.019     0.59    +
2025-03-28 21:52:38,079 - INFO -    71      2.4e+03     0.0037    0.019      0.8    +
2025-03-28 21:52:48,457 - INFO -    72      2.4e+03     0.0018    0.019     0.87    +
2025-03-28 21:52:58,761 - INFO -    73      2.4e+03     0.0023    0.019     0.89    +
2025-03-28 21:53:09,026 - INFO -    74      2.4e+03     0.0066     0.19     0.93   ++
2025-03-28 21:53:19,286 - INFO -    75      2.4e+03      0.043     0.19     0.22    +
2025-03-28 21:53:21,791 - INFO -    76      2.4e+03      0.043    0.093    -0.46    -
2025-03-28 21:53:24,292 - INFO -    77      2.4e+03      0.043    0.047    -0.18    -
2025-03-28 21:53:34,607 - INFO -    78      2.4e+03       0.04    0.047      0.5    +
2025-03-28 21:53:37,125 - INFO -    79      2.4e+03       0.04    0.023     -1.1    -
2025-03-28 21:53:47,394 - INFO -    80      2.4e+03     0.0057    0.023     0.84    +
2025-03-28 21:53:57,716 - INFO -    81      2.4e+03      0.002    0.023     0.61    +
2025-03-28 21:54:08,113 - INFO -    82      2.4e+03     0.0067     0.23        1   ++
2025-03-28 21:54:18,381 - INFO -    83      2.4e+03     0.0063     0.23      0.9    +
2025-03-28 21:54:20,942 - INFO -    84      2.4e+03     0.0063     0.12     -2.6    -
2025-03-28 21:54:23,429 - INFO -    85      2.4e+03     0.0063    0.058    -0.42    -
2025-03-28 21:54:33,833 - INFO -    86      2.4e+03     0.0098    0.058     0.54    +
2025-03-28 21:54:36,305 - INFO -    87      2.4e+03     0.0098    0.029     -3.1    -
2025-03-28 21:54:46,678 - INFO -    88      2.4e+03      0.021    0.029     0.17    +
2025-03-28 21:54:57,022 - INFO -    89      2.4e+03     0.0028    0.029     0.46    +
2025-03-28 21:54:59,385 - INFO -    90      2.4e+03     0.0028    0.015    -0.57    -
2025-03-28 21:55:09,770 - INFO -    91      2.4e+03     0.0023    0.015     0.81    +
2025-03-28 21:55:19,987 - INFO -    92      2.4e+03    0.00095     0.15     0.93   ++
2025-03-28 21:55:30,266 - INFO -    93      2.4e+03     0.0028      1.5        1   ++
2025-03-28 21:55:40,544 - INFO -    94      2.3e+03       0.13      1.5     0.13    +
2025-03-28 21:55:42,980 - INFO -    95      2.3e+03       0.13     0.73     -3.9    -
2025-03-28 21:55:45,463 - INFO -    96      2.3e+03       0.13     0.36     -3.2    -
2025-03-28 21:55:47,927 - INFO -    97      2.3e+03       0.13     0.18     -1.1    -
2025-03-28 21:55:58,161 - INFO -    98      2.3e+03      0.006      1.8     0.91   ++
2025-03-28 21:56:00,611 - INFO -    99      2.3e+03      0.006     0.91      -24    -
2025-03-28 21:56:03,170 - INFO -   100      2.3e+03      0.006     0.45      -16    -
2025-03-28 21:56:05,709 - INFO -   101      2.3e+03      0.006     0.23      -12    -
2025-03-28 21:56:08,214 - INFO -   102      2.3e+03      0.006     0.11     -5.2    -
2025-03-28 21:56:10,699 - INFO -   103      2.3e+03      0.006    0.057     -1.7    -
2025-03-28 21:56:13,304 - INFO -   104      2.3e+03      0.006    0.028    0.086    -
2025-03-28 21:56:23,663 - INFO -   105      2.3e+03      0.023    0.028     0.68    +
2025-03-28 21:56:34,021 - INFO -   106      2.3e+03     0.0079    0.028     0.48    +
2025-03-28 21:56:44,272 - INFO -   107      2.3e+03      0.016    0.028     0.65    +
2025-03-28 21:56:54,750 - INFO -   108      2.3e+03       0.02    0.028      0.5    +
2025-03-28 21:57:04,923 - INFO -   109      2.3e+03     0.0037    0.028     0.81    +
2025-03-28 21:57:15,315 - INFO -   110      2.3e+03     0.0017    0.028     0.83    +
2025-03-28 21:57:25,681 - INFO -   111      2.3e+03     0.0039     0.28     0.92   ++
2025-03-28 21:57:35,960 - INFO -   112      2.3e+03      0.065     0.28     0.18    +
2025-03-28 21:57:38,383 - INFO -   113      2.3e+03      0.065     0.14    0.027    -
2025-03-28 21:57:48,893 - INFO -   114      2.3e+03      0.015     0.14     0.59    +
2025-03-28 21:57:51,426 - INFO -   115      2.3e+03      0.015    0.071    -0.24    -
2025-03-28 21:58:01,833 - INFO -   116      2.3e+03      0.013    0.071     0.59    +
2025-03-28 21:58:04,263 - INFO -   117      2.3e+03      0.013    0.036    -0.56    -
2025-03-28 21:58:14,716 - INFO -   118      2.3e+03       0.02    0.036     0.53    +
2025-03-28 21:58:17,215 - INFO -   119      2.3e+03       0.02    0.018    0.097    -
2025-03-28 21:58:27,641 - INFO -   120      2.3e+03     0.0021    0.018     0.64    +
2025-03-28 21:58:37,976 - INFO -   121      2.3e+03     0.0022    0.018     0.88    +
2025-03-28 21:58:48,254 - INFO -   122      2.3e+03     0.0038    0.018     0.86    +
2025-03-28 21:58:58,799 - INFO -   123      2.3e+03     0.0029    0.018     0.88    +
2025-03-28 21:59:09,160 - INFO -   124      2.3e+03     0.0025     0.18      0.9   ++
2025-03-28 21:59:19,513 - INFO -   125      2.3e+03     0.0067      1.8     0.96   ++
2025-03-28 21:59:21,960 - INFO -   126      2.3e+03     0.0067     0.89    -0.27    -
2025-03-28 21:59:24,501 - INFO -   127      2.3e+03     0.0067     0.44     -1.1    -
2025-03-28 21:59:26,917 - INFO -   128      2.3e+03     0.0067     0.22   0.0061    -
2025-03-28 21:59:37,300 - INFO -   129      2.3e+03      0.026     0.22     0.65    +
2025-03-28 21:59:39,841 - INFO -   130      2.3e+03      0.026     0.11    0.076    -
2025-03-28 21:59:50,101 - INFO -   131      2.3e+03     0.0052     0.11     0.18    +
2025-03-28 22:00:00,540 - INFO -   132      2.3e+03      0.021     0.11     0.22    +
2025-03-28 22:00:10,788 - INFO -   133      2.3e+03      0.015     0.11     0.32    +
2025-03-28 22:00:13,319 - INFO -   134      2.3e+03      0.015    0.056    -0.89    -
2025-03-28 22:00:23,430 - INFO -   135      2.3e+03     0.0023    0.056     0.63    +
2025-03-28 22:00:25,921 - INFO -   136      2.3e+03     0.0023    0.028    -0.78    -
2025-03-28 22:00:36,022 - INFO -   137      2.3e+03     0.0033    0.028     0.44    +
2025-03-28 22:00:46,413 - INFO -   138      2.3e+03      0.007     0.28     0.91   ++
2025-03-28 22:00:56,824 - INFO -   139      2.3e+03     0.0054     0.28     0.78    +
2025-03-28 22:01:07,121 - INFO -   140      2.3e+03      0.061     0.28     0.84    +
2025-03-28 22:01:09,591 - INFO -   141      2.3e+03      0.061     0.14     -8.3    -
2025-03-28 22:01:12,138 - INFO -   142      2.3e+03      0.061    0.069     -2.9    -
2025-03-28 22:01:14,698 - INFO -   143      2.3e+03      0.061    0.035    -0.62    -
2025-03-28 22:01:25,109 - INFO -   144      2.3e+03      0.021    0.035     0.14    +
2025-03-28 22:01:35,289 - INFO -   145      2.3e+03      0.013    0.035     0.74    +
2025-03-28 22:01:45,413 - INFO -   146      2.3e+03     0.0046    0.035     0.53    +
2025-03-28 22:01:55,781 - INFO -   147      2.3e+03     0.0076    0.035      0.8    +
2025-03-28 22:01:58,210 - INFO -   148      2.3e+03     0.0076    0.017     -0.2    -
2025-03-28 22:02:08,582 - INFO -   149      2.3e+03       0.01    0.017     0.57    +
2025-03-28 22:02:18,967 - INFO -   150      2.3e+03     0.0077    0.017     0.43    +
2025-03-28 22:02:29,396 - INFO -   151      2.3e+03     0.0052    0.017      0.8    +
2025-03-28 22:02:39,626 - INFO -   152      2.3e+03     0.0056    0.017     0.65    +
2025-03-28 22:02:49,773 - INFO -   153      2.3e+03     0.0039     0.17        1   ++
2025-03-28 22:03:00,315 - INFO -   154      2.3e+03      0.028      1.7     0.99   ++
2025-03-28 22:03:02,743 - INFO -   155      2.3e+03      0.028     0.87     -1.1    -
2025-03-28 22:03:05,259 - INFO -   156      2.3e+03      0.028     0.43    -0.23    -
2025-03-28 22:03:15,597 - INFO -   157      2.3e+03      0.042     0.43     0.56    +
2025-03-28 22:03:25,750 - INFO -   158      2.3e+03        0.2     0.43      0.4    +
2025-03-28 22:03:28,262 - INFO -   159      2.3e+03        0.2     0.22     -3.1    -
2025-03-28 22:03:30,836 - INFO -   160      2.3e+03        0.2     0.11       -1    -
2025-03-28 22:03:41,156 - INFO -   161      2.3e+03      0.098     0.11     0.37    +
2025-03-28 22:03:43,648 - INFO -   162      2.3e+03      0.098    0.054    -0.14    -
2025-03-28 22:03:54,111 - INFO -   163      2.3e+03     0.0086    0.054     0.57    +
2025-03-28 22:03:56,663 - INFO -   164      2.3e+03     0.0086    0.027    -0.16    -
2025-03-28 22:04:06,814 - INFO -   165      2.3e+03      0.011    0.027     0.81    +
2025-03-28 22:04:17,074 - INFO -   166      2.3e+03      0.018    0.027     0.79    +
2025-03-28 22:04:27,372 - INFO -   167      2.3e+03      0.018    0.027     0.86    +
2025-03-28 22:04:37,695 - INFO -   168      2.3e+03      0.011     0.27     0.97   ++
2025-03-28 22:04:48,135 - INFO -   169      2.3e+03      0.057      2.7     0.98   ++
2025-03-28 22:04:58,342 - INFO -   170      2.3e+03       0.59      2.7     0.18    +
2025-03-28 22:05:00,814 - INFO -   171      2.3e+03       0.59      1.4       -4    -
2025-03-28 22:05:03,340 - INFO -   172      2.3e+03       0.59     0.68     -2.1    -
2025-03-28 22:05:05,958 - INFO -   173      2.3e+03       0.59     0.34     -1.3    -
2025-03-28 22:05:16,302 - INFO -   174      2.3e+03       0.38     0.34     0.56    +
2025-03-28 22:05:18,853 - INFO -   175      2.3e+03       0.38     0.17    -0.85    -
2025-03-28 22:05:29,345 - INFO -   176      2.3e+03       0.22     0.17     0.44    +
2025-03-28 22:05:39,706 - INFO -   177      2.3e+03       0.26     0.17     0.22    +
2025-03-28 22:05:49,946 - INFO -   178      2.3e+03       0.11     0.17     0.35    +
2025-03-28 22:05:52,450 - INFO -   179      2.3e+03       0.11    0.085   -0.042    -
2025-03-28 22:06:02,749 - INFO -   180      2.3e+03      0.024    0.085     0.86    +
2025-03-28 22:06:13,079 - INFO -   181      2.3e+03      0.025    0.085     0.43    +
2025-03-28 22:06:23,413 - INFO -   182      2.3e+03      0.044     0.85     0.93   ++
2025-03-28 22:06:25,948 - INFO -   183      2.3e+03      0.044     0.42     -3.6    -
2025-03-28 22:06:28,509 - INFO -   184      2.3e+03      0.044     0.21    -0.94    -
2025-03-28 22:06:30,960 - INFO -   185      2.3e+03      0.044     0.11   -0.071    -
2025-03-28 22:06:41,442 - INFO -   186      2.3e+03      0.021     0.11      0.4    +
2025-03-28 22:06:51,753 - INFO -   187      2.3e+03      0.048     0.11     0.67    +
2025-03-28 22:06:54,203 - INFO -   188      2.3e+03      0.048    0.053    -0.13    -
2025-03-28 22:07:04,645 - INFO -   189      2.3e+03       0.02    0.053     0.81    +
2025-03-28 22:07:15,001 - INFO -   190      2.3e+03       0.02     0.53     0.93   ++
2025-03-28 22:07:25,533 - INFO -   191      2.3e+03       0.11     0.53      0.8    +
2025-03-28 22:07:28,030 - INFO -   192      2.3e+03       0.11     0.26     -0.4    -
2025-03-28 22:07:38,415 - INFO -   193      2.3e+03       0.15     0.26     0.51    +
2025-03-28 22:07:40,867 - INFO -   194      2.3e+03       0.15     0.13     -2.4    -
2025-03-28 22:07:43,432 - INFO -   195      2.3e+03       0.15    0.066    0.012    -
2025-03-28 22:07:53,669 - INFO -   196      2.3e+03      0.035    0.066     0.48    +
2025-03-28 22:08:03,955 - INFO -   197      2.3e+03      0.053    0.066     0.57    +
2025-03-28 22:08:14,242 - INFO -   198      2.3e+03      0.025    0.066     0.41    +
2025-03-28 22:08:24,602 - INFO -   199      2.3e+03     0.0039    0.066     0.68    +
2025-03-28 22:08:34,858 - INFO -   200      2.3e+03      0.012    0.066     0.47    +
2025-03-28 22:08:37,396 - INFO -   201      2.3e+03      0.012    0.033    -0.03    -
2025-03-28 22:08:47,638 - INFO -   202      2.3e+03      0.019    0.033      0.7    +
2025-03-28 22:08:58,084 - INFO -   203      2.3e+03     0.0039    0.033     0.78    +
2025-03-28 22:09:08,661 - INFO -   204      2.3e+03      0.012     0.33     0.91   ++
2025-03-28 22:09:19,081 - INFO -   205      2.3e+03       0.05     0.33     0.86    +
2025-03-28 22:09:29,380 - INFO -   206      2.3e+03       0.13     0.33     0.74    +
2025-03-28 22:09:31,865 - INFO -   207      2.3e+03       0.13     0.17       -5    -
2025-03-28 22:09:34,446 - INFO -   208      2.3e+03       0.13    0.083     -1.3    -
2025-03-28 22:09:44,766 - INFO -   209      2.3e+03      0.026    0.083     0.33    +
2025-03-28 22:09:55,321 - INFO -   210      2.3e+03      0.027    0.083     0.51    +
2025-03-28 22:09:57,762 - INFO -   211      2.3e+03      0.027    0.041     -1.5    -
2025-03-28 22:10:07,916 - INFO -   212      2.3e+03     0.0043    0.041     0.59    +
2025-03-28 22:10:18,304 - INFO -   213      2.3e+03      0.071    0.041     0.52    +
2025-03-28 22:10:28,857 - INFO -   214      2.3e+03      0.041    0.041     0.45    +
2025-03-28 22:10:39,088 - INFO -   215      2.3e+03      0.032    0.041     0.52    +
2025-03-28 22:10:49,515 - INFO -   216      2.3e+03      0.031    0.041     0.59    +
2025-03-28 22:10:59,649 - INFO -   217      2.3e+03     0.0047    0.041     0.74    +
2025-03-28 22:11:10,228 - INFO -   218      2.3e+03     0.0078    0.041     0.88    +
2025-03-28 22:11:20,583 - INFO -   219      2.3e+03      0.018     0.41     0.95   ++
2025-03-28 22:11:30,818 - INFO -   220      2.3e+03      0.052      4.1     0.95   ++
2025-03-28 22:11:41,298 - INFO -   221      2.3e+03       0.91      4.1     0.19    +
2025-03-28 22:11:43,664 - INFO -   222      2.3e+03       0.91      2.1     -2.9    -
2025-03-28 22:11:46,163 - INFO -   223      2.3e+03       0.91        1     -1.7    -
2025-03-28 22:11:48,626 - INFO -   224      2.3e+03       0.91     0.52     -1.2    -
2025-03-28 22:11:51,167 - INFO -   225      2.3e+03       0.91     0.26    -0.56    -
2025-03-28 22:12:01,541 - INFO -   226      2.3e+03       0.55      2.6     0.99   ++
2025-03-28 22:12:04,052 - INFO -   227      2.3e+03       0.55      1.3      -30    -
2025-03-28 22:12:06,579 - INFO -   228      2.3e+03       0.55     0.65      -13    -
2025-03-28 22:12:09,087 - INFO -   229      2.3e+03       0.55     0.32     -8.3    -
2025-03-28 22:12:11,626 - INFO -   230      2.3e+03       0.55     0.16     -2.9    -
2025-03-28 22:12:14,190 - INFO -   231      2.3e+03       0.55    0.081    -0.21    -
2025-03-28 22:12:24,348 - INFO -   232      2.3e+03      0.035    0.081     0.67    +
2025-03-28 22:12:26,935 - INFO -   233      2.3e+03      0.035     0.04   -0.096    -
2025-03-28 22:12:37,199 - INFO -   234      2.3e+03      0.095     0.04     0.69    +
2025-03-28 22:12:47,584 - INFO -   235      2.3e+03      0.018     0.04     0.88    +
2025-03-28 22:12:57,993 - INFO -   236      2.3e+03     0.0058      0.4     0.96   ++
2025-03-28 22:13:08,172 - INFO -   237      2.3e+03     0.0057        4     0.98   ++
2025-03-28 22:13:10,672 - INFO -   238      2.3e+03     0.0057        2     -5.4    -
2025-03-28 22:13:13,231 - INFO -   239      2.3e+03     0.0057        1     -3.8    -
2025-03-28 22:13:15,689 - INFO -   240      2.3e+03     0.0057      0.5     -2.5    -
2025-03-28 22:13:18,194 - INFO -   241      2.3e+03     0.0057     0.25    -0.51    -
2025-03-28 22:13:20,703 - INFO -   242      2.3e+03     0.0057     0.13    0.072    -
2025-03-28 22:13:31,102 - INFO -   243      2.3e+03       0.12     0.13     0.59    +
2025-03-28 22:13:33,565 - INFO -   244      2.3e+03       0.12    0.063    -0.22    -
2025-03-28 22:13:43,809 - INFO -   245      2.3e+03      0.066    0.063     0.57    +
2025-03-28 22:13:53,871 - INFO -   246      2.3e+03      0.012    0.063     0.61    +
2025-03-28 22:14:04,002 - INFO -   247      2.3e+03     0.0059    0.063      0.9    +
2025-03-28 22:14:14,204 - INFO -   248      2.3e+03     0.0059     0.63     0.92   ++
2025-03-28 22:14:24,388 - INFO -   249      2.3e+03      0.017     0.63     0.84    +
2025-03-28 22:14:34,809 - INFO -   250      2.3e+03      0.032     0.63     0.25    +
2025-03-28 22:14:37,269 - INFO -   251      2.3e+03      0.032     0.32     -2.8    -
2025-03-28 22:14:39,852 - INFO -   252      2.3e+03      0.032     0.16  -0.0094    -
2025-03-28 22:14:50,302 - INFO -   253      2.3e+03      0.021     0.16      0.8    +
2025-03-28 22:14:52,768 - INFO -   254      2.3e+03      0.021    0.079    -0.21    -
2025-03-28 22:15:03,013 - INFO -   255      2.3e+03      0.033    0.079     0.53    +
2025-03-28 22:15:13,288 - INFO -   256      2.3e+03      0.011    0.079     0.69    +
2025-03-28 22:15:23,513 - INFO -   257      2.3e+03      0.022    0.079     0.37    +
2025-03-28 22:15:33,849 - INFO -   258      2.3e+03     0.0087    0.079     0.72    +
2025-03-28 22:15:36,312 - INFO -   259      2.3e+03     0.0087    0.039    0.053    -
2025-03-28 22:15:46,574 - INFO -   260      2.3e+03     0.0058    0.039     0.41    +
2025-03-28 22:15:57,072 - INFO -   261      2.3e+03     0.0059    0.039     0.84    +
2025-03-28 22:16:07,715 - INFO -   262      2.3e+03     0.0059     0.39     0.93   ++
2025-03-28 22:16:17,953 - INFO -   263      2.3e+03      0.022      3.9        1   ++
2025-03-28 22:16:20,458 - INFO -   264      2.3e+03      0.022        2   -0.013    -
2025-03-28 22:16:30,846 - INFO -   265      2.3e+03      0.021        2     0.32    +
2025-03-28 22:16:33,412 - INFO -   266      2.3e+03      0.021     0.99       -2    -
2025-03-28 22:16:35,917 - INFO -   267      2.3e+03      0.021     0.49   -0.091    -
2025-03-28 22:16:46,387 - INFO -   268      2.3e+03       0.12     0.49     0.63    +
2025-03-28 22:16:48,933 - INFO -   269      2.3e+03       0.12     0.25     -1.8    -
2025-03-28 22:16:51,525 - INFO -   270      2.3e+03       0.12     0.12   -0.028    -
2025-03-28 22:17:01,936 - INFO -   271      2.3e+03      0.027     0.12     0.57    +
2025-03-28 22:17:04,549 - INFO -   272      2.3e+03      0.027    0.062    -0.76    -
2025-03-28 22:17:14,845 - INFO -   273      2.3e+03     0.0056    0.062     0.59    +
2025-03-28 22:17:17,499 - INFO -   274      2.3e+03     0.0056    0.031   -0.097    -
2025-03-28 22:17:28,055 - INFO -   275      2.3e+03      0.012    0.031     0.64    +
2025-03-28 22:17:38,601 - INFO -   276      2.3e+03     0.0057     0.31     0.92   ++
2025-03-28 22:17:48,689 - INFO -   277      2.3e+03      0.032     0.31     0.36    +
2025-03-28 22:17:59,014 - INFO -   278      2.3e+03     0.0056     0.31     0.53    +
2025-03-28 22:18:09,395 - INFO -   279      2.3e+03      0.023     0.31     0.84    +
2025-03-28 22:18:11,940 - INFO -   280      2.3e+03      0.023     0.15     -2.4    -
2025-03-28 22:18:14,493 - INFO -   281      2.3e+03      0.023    0.077    -0.55    -
2025-03-28 22:18:24,979 - INFO -   282      2.3e+03     0.0089    0.077     0.32    +
2025-03-28 22:18:35,226 - INFO -   283      2.3e+03     0.0056    0.077     0.77    +
2025-03-28 22:18:45,531 - INFO -   284      2.3e+03      0.012    0.077      0.4    +
2025-03-28 22:18:55,886 - INFO -   285      2.3e+03     0.0056    0.077     0.83    +
2025-03-28 22:19:06,140 - INFO -   286      2.3e+03     0.0055    0.077     0.47    +
2025-03-28 22:19:16,507 - INFO -   287      2.3e+03     0.0069    0.077     0.77    +
2025-03-28 22:19:26,878 - INFO -   288      2.3e+03     0.0055    0.077     0.54    +
2025-03-28 22:19:37,373 - INFO -   289      2.3e+03     0.0055    0.077     0.89    +
2025-03-28 22:19:47,810 - INFO -   290      2.3e+03     0.0071     0.77     0.91   ++
2025-03-28 22:19:58,182 - INFO -   291      2.3e+03      0.017     0.77     0.49    +
2025-03-28 22:20:08,556 - INFO -   292      2.3e+03      0.048     0.77     0.65    +
2025-03-28 22:20:11,163 - INFO -   293      2.3e+03      0.048     0.39     -1.8    -
2025-03-28 22:20:13,643 - INFO -   294      2.3e+03      0.048     0.19    -0.15    -
2025-03-28 22:20:24,015 - INFO -   295      2.3e+03      0.013     0.19     0.44    +
2025-03-28 22:20:26,485 - INFO -   296      2.3e+03      0.013    0.096    -0.28    -
2025-03-28 22:20:36,969 - INFO -   297      2.3e+03      0.013    0.096     0.74    +
2025-03-28 22:20:47,316 - INFO -   298      2.3e+03     0.0051    0.096     0.71    +
2025-03-28 22:20:57,826 - INFO -   299      2.3e+03     0.0052     0.96     0.96   ++
2025-03-28 22:21:08,026 - INFO -   300      2.3e+03       0.06     0.96     0.18    +
2025-03-28 22:21:18,543 - INFO -   301      2.3e+03      0.081     0.96     0.54    +
2025-03-28 22:21:21,083 - INFO -   302      2.3e+03      0.081     0.48     -4.1    -
2025-03-28 22:21:23,596 - INFO -   303      2.3e+03      0.081     0.24     -1.2    -
2025-03-28 22:21:26,164 - INFO -   304      2.3e+03      0.081     0.12    -0.16    -
2025-03-28 22:21:36,500 - INFO -   305      2.3e+03      0.005     0.12     0.73    +
2025-03-28 22:21:47,091 - INFO -   306      2.3e+03     0.0048     0.12     0.33    +
2025-03-28 22:21:57,396 - INFO -   307      2.3e+03      0.012     0.12     0.74    +
2025-03-28 22:22:07,608 - INFO -   308      2.3e+03      0.029     0.12     0.61    +
2025-03-28 22:22:17,937 - INFO -   309      2.3e+03     0.0048     0.12     0.58    +
2025-03-28 22:22:28,232 - INFO -   310      2.3e+03      0.078     0.12      0.3    +
2025-03-28 22:22:38,428 - INFO -   311      2.3e+03     0.0094     0.12     0.49    +
2025-03-28 22:22:48,740 - INFO -   312      2.3e+03      0.044     0.12     0.73    +
2025-03-28 22:22:59,174 - INFO -   313      2.3e+03      0.012     0.12     0.78    +
2025-03-28 22:23:09,452 - INFO -   314      2.3e+03      0.011     0.12     0.89    +
2025-03-28 22:23:19,751 - INFO -   315      2.3e+03      0.056      1.2     0.94   ++
2025-03-28 22:23:30,247 - INFO -   316      2.3e+03       0.19      1.2      0.5    +
2025-03-28 22:23:32,713 - INFO -   317      2.3e+03       0.19      0.6     -1.7    -
2025-03-28 22:23:35,188 - INFO -   318      2.3e+03       0.19      0.3     -1.4    -
2025-03-28 22:23:45,607 - INFO -   319      2.3e+03       0.28      0.3     0.23    +
2025-03-28 22:23:48,146 - INFO -   320      2.3e+03       0.28     0.15    -0.61    -
2025-03-28 22:23:58,516 - INFO -   321      2.3e+03       0.34     0.15     0.11    +
2025-03-28 22:24:08,770 - INFO -   322      2.3e+03      0.013     0.15     0.63    +
2025-03-28 22:24:19,096 - INFO -   323      2.3e+03       0.13     0.15      0.3    +
2025-03-28 22:24:29,523 - INFO -   324      2.3e+03      0.013     0.15     0.86    +
2025-03-28 22:24:39,692 - INFO -   325      2.3e+03      0.041     0.15     0.54    +
2025-03-28 22:24:50,300 - INFO -   326      2.3e+03      0.044     0.15      0.7    +
2025-03-28 22:24:52,809 - INFO -   327      2.3e+03      0.044    0.075    0.085    -
2025-03-28 22:25:03,308 - INFO -   328      2.3e+03      0.005    0.075     0.62    +
2025-03-28 22:25:13,662 - INFO -   329      2.3e+03     0.0043    0.075     0.74    +
2025-03-28 22:25:24,115 - INFO -   330      2.3e+03     0.0043     0.75     0.92   ++
2025-03-28 22:25:34,442 - INFO -   331      2.3e+03       0.03     0.75     0.82    +
2025-03-28 22:25:44,871 - INFO -   332      2.3e+03       0.02     0.75     0.56    +
2025-03-28 22:25:47,346 - INFO -   333      2.3e+03       0.02     0.38     -3.5    -
2025-03-28 22:25:49,794 - INFO -   334      2.3e+03       0.02     0.19    -0.29    -
2025-03-28 22:26:00,057 - INFO -   335      2.3e+03      0.045     0.19     0.67    +
2025-03-28 22:26:10,393 - INFO -   336      2.3e+03       0.01     0.19     0.19    +
2025-03-28 22:26:20,601 - INFO -   337      2.3e+03      0.079     0.19     0.32    +
2025-03-28 22:26:30,865 - INFO -   338      2.3e+03      0.028     0.19     0.23    +
2025-03-28 22:26:41,318 - INFO -   339      2.3e+03      0.013     0.19     0.11    +
2025-03-28 22:26:51,465 - INFO -   340      2.3e+03     0.0039     0.19     0.66    +
2025-03-28 22:26:53,891 - INFO -   341      2.3e+03     0.0039    0.094   -0.035    -
2025-03-28 22:27:04,572 - INFO -   342      2.3e+03     0.0038    0.094     0.64    +
2025-03-28 22:27:14,918 - INFO -   343      2.3e+03     0.0038     0.94     0.95   ++
2025-03-28 22:27:25,275 - INFO -   344      2.3e+03     0.0098      9.4      1.1   ++
2025-03-28 22:27:27,766 - INFO -   345      2.3e+03     0.0098        3     -2.3    -
2025-03-28 22:27:30,266 - INFO -   346      2.3e+03     0.0098      1.5     -3.8    -
2025-03-28 22:27:32,737 - INFO -   347      2.3e+03     0.0098     0.76     -3.8    -
2025-03-28 22:27:35,230 - INFO -   348      2.3e+03     0.0098     0.38     -0.9    -
2025-03-28 22:27:45,586 - INFO -   349      2.3e+03      0.038     0.38     0.36    +
2025-03-28 22:27:48,029 - INFO -   350      2.3e+03      0.038     0.19    -0.96    -
2025-03-28 22:27:58,517 - INFO -   351      2.3e+03       0.02     0.19     0.49    +
2025-03-28 22:28:08,776 - INFO -   352      2.3e+03      0.071     0.19     0.51    +
2025-03-28 22:28:19,186 - INFO -   353      2.3e+03      0.052     0.19     0.45    +
2025-03-28 22:28:29,480 - INFO -   354      2.3e+03       0.11     0.19     0.81    +
2025-03-28 22:28:39,937 - INFO -   355      2.3e+03      0.014      1.9        1   ++
2025-03-28 22:28:50,268 - INFO -   356      2.3e+03      0.003       19      1.2   ++
2025-03-28 22:29:00,698 - INFO -   357      2.3e+03       0.09  1.9e+02      1.3   ++
2025-03-28 22:29:11,008 - INFO -   358      2.3e+03      0.024  1.9e+02     0.45    +
2025-03-28 22:29:21,361 - INFO -   359      2.3e+03      0.036  1.9e+03        1   ++
2025-03-28 22:29:31,779 - INFO -   360      2.3e+03      0.011  1.9e+04      1.2   ++
2025-03-28 22:29:42,139 - INFO -   361      2.3e+03      0.013  1.9e+05        1   ++
2025-03-28 22:29:52,337 - INFO -   362      2.3e+03      0.013  1.9e+06      1.1   ++
2025-03-28 22:30:02,489 - INFO -   363      2.3e+03      0.046  1.9e+07      1.1   ++
2025-03-28 22:30:12,837 - INFO -   364      2.3e+03     0.0079  1.9e+08      1.1   ++
2025-03-28 22:30:22,961 - INFO -   365      2.3e+03     0.0056  1.9e+09      1.2   ++
2025-03-28 22:30:33,349 - INFO -   366      2.3e+03     0.0075    1e+10      1.1   ++
2025-03-28 22:30:43,782 - INFO -   367      2.3e+03     0.0076    1e+10        1   ++
2025-03-28 22:30:54,067 - INFO -   368      2.3e+03    0.00078    1e+10        1   ++
2025-03-28 22:31:04,580 - INFO -   369      2.3e+03     0.0057    1e+10      1.1   ++
2025-03-28 22:31:14,936 - INFO -   370      2.3e+03     0.0022    1e+10      1.1   ++
2025-03-28 22:31:25,352 - INFO -   371      2.3e+03     0.0045    1e+10      1.1   ++
2025-03-28 22:31:35,793 - INFO -   372      2.3e+03     0.0034    1e+10      1.1   ++
2025-03-28 22:31:46,215 - INFO -   373      2.3e+03     0.0007    1e+10      1.3   ++
2025-03-28 22:31:56,396 - INFO -   374      2.3e+03     0.0049    1e+10      1.1   ++
2025-03-28 22:32:06,963 - INFO -   375      2.3e+03    0.00064    1e+10        1   ++
2025-03-28 22:32:17,273 - INFO -   376      2.3e+03     0.0027    1e+10        1   ++
2025-03-28 22:32:27,612 - INFO -   377      2.3e+03     0.0014    1e+10        1   ++
2025-03-28 22:32:37,870 - INFO -   378      2.3e+03    0.00075    1e+10        1   ++
2025-03-28 22:32:48,168 - INFO -   379      2.3e+03     0.0028    1e+10        1   ++
2025-03-28 22:32:58,762 - INFO -   380      2.3e+03     0.0024    1e+10        1   ++
2025-03-28 22:33:09,138 - INFO -   381      2.3e+03    0.00056    1e+10        1   ++
2025-03-28 22:33:19,389 - INFO -   382      2.3e+03    0.00077    1e+10        1   ++
2025-03-28 22:33:29,976 - INFO -   383      2.3e+03    0.00057    1e+10        1   ++
2025-03-28 22:33:40,409 - INFO -   384      2.3e+03     0.0011    1e+10        1   ++
2025-03-28 22:33:50,597 - INFO -   385      2.3e+03    0.00033    1e+10     0.97   ++
2025-03-28 22:34:00,918 - INFO -   386      2.3e+03    0.00032    1e+10        1   ++
2025-03-28 22:34:11,313 - INFO -   387      2.3e+03     0.0012    1e+10        1   ++
2025-03-28 22:34:21,672 - INFO -   388      2.3e+03    0.00033    1e+10        1   ++
2025-03-28 22:34:31,887 - INFO -   389      2.3e+03     0.0021    1e+10        1   ++
2025-03-28 22:34:42,243 - INFO -   390      2.3e+03     0.0008    1e+10        1   ++
2025-03-28 22:34:52,529 - INFO -   391      2.3e+03     0.0018    1e+10        1   ++
2025-03-28 22:35:02,938 - INFO -   392      2.3e+03    0.00023    1e+10        1   ++
2025-03-28 22:35:13,418 - INFO -   393      2.3e+03     0.0021    1e+10        1   ++
2025-03-28 22:35:23,808 - INFO -   394      2.3e+03    0.00022    1e+10        1   ++
2025-03-28 22:35:34,179 - INFO -   395      2.3e+03    0.00031    1e+10        1   ++
2025-03-28 22:35:44,487 - INFO -   396      2.3e+03    0.00052    1e+10        1   ++
2025-03-28 22:35:54,975 - INFO -   397      2.3e+03     0.0016    1e+10      1.1   ++
2025-03-28 22:36:04,916 - INFO -   398      2.3e+03     0.0013    1e+10        1   ++
2025-03-28 22:36:15,500 - INFO -   399      2.3e+03    0.00082    1e+10     0.92   ++
2025-03-28 22:36:25,963 - INFO -   400      2.3e+03    0.00098    1e+10      1.1   ++
2025-03-28 22:36:36,301 - INFO -   401      2.3e+03    0.00039    1e+10        1   ++
2025-03-28 22:36:46,643 - INFO -   402      2.3e+03    0.00095    1e+10        1   ++
2025-03-28 22:36:56,955 - INFO -   403      2.3e+03    0.00062    1e+10        1   ++
2025-03-28 22:37:07,307 - INFO -   404      2.3e+03    0.00039    1e+10      1.1   ++
2025-03-28 22:37:17,569 - INFO -   405      2.3e+03    0.00043    1e+10      1.1   ++
2025-03-28 22:37:27,798 - INFO -   406      2.3e+03    0.00084    1e+10      1.1   ++
2025-03-28 22:37:38,265 - INFO -   407      2.3e+03    0.00087    1e+10      1.3   ++
2025-03-28 22:37:48,580 - INFO -   408      2.3e+03    6.5e-05    1e+10      1.2   ++
2025-03-28 22:38:13,654 - INFO - Results saved in file 4-2-mxl-IV-final.html
2025-03-28 22:38:13,659 - INFO - Results saved in file 4-2-mxl-IV-final.pickle
