2025-03-29 17:47:15,869 - INFO - Script execution started.
2025-03-29 17:47:15,961 - INFO - Biogeme parameters read from biogeme.toml.
2025-03-29 17:47:24,958 - INFO - As the model is rather complex, we cancel the calculation of second derivatives. If you want to control the parameters, change the name of the algorithm in the TOML file from "automatic" to "simple_bounds"
2025-03-29 17:47:24,958 - INFO - *** Initial values of the parameters are obtained from the file __4-6-mxl-IV-final-elast.iter
2025-03-29 17:47:24,960 - INFO - Parameter values restored from __4-6-mxl-IV-final-elast.iter
2025-03-29 17:47:25,497 - INFO - As the model is rather complex, we cancel the calculation of second derivatives. If you want to control the parameters, change the name of the algorithm in the TOML file from "automatic" to "simple_bounds"
2025-03-29 17:47:25,497 - INFO - Optimization algorithm: hybrid Newton/BFGS with simple bounds [simple_bounds]
2025-03-29 17:47:25,497 - INFO - ** Optimization: BFGS with trust region for simple bounds
2025-03-29 17:47:30,514 - INFO - Iter.     Function    Relgrad   Radius      Rho     
2025-03-29 17:47:33,140 - INFO -     0      2.3e+03      0.023      0.5        0    -
2025-03-29 17:47:35,875 - INFO -     1      2.3e+03      0.023     0.25        0    -
2025-03-29 17:47:38,613 - INFO -     2      2.3e+03      0.023     0.12 -5.8e+02    -
2025-03-29 17:47:41,361 - INFO -     3      2.3e+03      0.023    0.062 -5.6e+02    -
2025-03-29 17:47:44,093 - INFO -     4      2.3e+03      0.023    0.031 -5.2e+02    -
2025-03-29 17:47:46,854 - INFO -     5      2.3e+03      0.023    0.016 -4.4e+02    -
2025-03-29 17:47:49,655 - INFO -     6      2.3e+03      0.023   0.0078 -3.4e+02    -
2025-03-29 17:47:52,463 - INFO -     7      2.3e+03      0.023   0.0039 -2.3e+02    -
2025-03-29 17:47:55,240 - INFO -     8      2.3e+03      0.023    0.002 -1.4e+02    -
2025-03-29 17:47:57,965 - INFO -     9      2.3e+03      0.023  0.00098      -79    -
2025-03-29 17:48:00,705 - INFO -    10      2.3e+03      0.023  0.00049      -42    -
2025-03-29 17:48:03,560 - INFO -    11      2.3e+03      0.023  0.00024      -21    -
2025-03-29 17:48:06,323 - INFO -    12      2.3e+03      0.023  0.00012      -10    -
2025-03-29 17:48:09,040 - INFO -    13      2.3e+03      0.023  6.1e-05     -4.7    -
2025-03-29 17:48:11,733 - INFO -    14      2.3e+03      0.023  3.1e-05     -1.9    -
2025-03-29 17:48:14,462 - INFO -    15      2.3e+03      0.023  1.5e-05    -0.44    -
2025-03-29 17:48:24,105 - INFO -    16      2.3e+03      0.015  1.5e-05     0.28    +
2025-03-29 17:48:33,685 - INFO -    17      2.3e+03    0.00071  0.00015     0.99   ++
2025-03-29 17:48:43,260 - INFO -    18      2.3e+03     0.0089  0.00015      0.9    +
2025-03-29 17:48:52,906 - INFO -    19      2.3e+03      0.025  0.00015     0.27    +
2025-03-29 17:49:02,585 - INFO -    20      2.3e+03     0.0043  0.00015     0.87    +
2025-03-29 17:49:12,157 - INFO -    21      2.3e+03    0.00072   0.0015     0.98   ++
2025-03-29 17:49:21,684 - INFO -    22      2.3e+03      0.028   0.0015     0.77    +
2025-03-29 17:49:31,296 - INFO -    23      2.3e+03     0.0015   0.0015     0.65    +
2025-03-29 17:49:34,183 - INFO -    24      2.3e+03     0.0015  0.00076     -1.5    -
2025-03-29 17:49:36,982 - INFO -    25      2.3e+03     0.0015  0.00038    0.033    -
2025-03-29 17:49:46,550 - INFO -    26      2.3e+03      0.021  0.00038     0.59    +
2025-03-29 17:49:56,201 - INFO -    27      2.3e+03       0.01  0.00038     0.72    +
2025-03-29 17:50:05,772 - INFO -    28      2.3e+03     0.0017   0.0038     0.91   ++
2025-03-29 17:50:15,411 - INFO -    29      2.3e+03     0.0025   0.0038      0.4    +
2025-03-29 17:50:18,271 - INFO -    30      2.3e+03     0.0025   0.0019     -1.4    -
2025-03-29 17:50:21,005 - INFO -    31      2.3e+03     0.0025  0.00095    0.046    -
2025-03-29 17:50:30,568 - INFO -    32      2.3e+03     0.0016  0.00095     0.58    +
2025-03-29 17:50:40,203 - INFO -    33      2.3e+03    0.00093  0.00095     0.63    +
2025-03-29 17:50:42,961 - INFO -    34      2.3e+03    0.00093  0.00048    -0.23    -
2025-03-29 17:50:52,685 - INFO -    35      2.3e+03     0.0006  0.00048     0.43    +
2025-03-29 17:51:02,306 - INFO -    36      2.3e+03    0.00059  0.00048     0.62    +
2025-03-29 17:51:11,979 - INFO -    37      2.3e+03    0.00062  0.00048     0.64    +
2025-03-29 17:51:21,503 - INFO -    38      2.3e+03    0.00056  0.00048     0.36    +
2025-03-29 17:51:31,018 - INFO -    39      2.3e+03    0.00077  0.00048     0.49    +
2025-03-29 17:51:40,673 - INFO -    40      2.3e+03     0.0006  0.00048     0.59    +
2025-03-29 17:51:50,431 - INFO -    41      2.3e+03    0.00059  0.00048      0.5    +
2025-03-29 17:51:59,950 - INFO -    42      2.3e+03    0.00065  0.00048     0.24    +
2025-03-29 17:52:09,562 - INFO -    43      2.3e+03    0.00057  0.00048      0.5    +
2025-03-29 17:52:12,437 - INFO -    44      2.3e+03    0.00057  0.00024    -0.46    -
2025-03-29 17:52:22,027 - INFO -    45      2.3e+03    0.00059  0.00024     0.42    +
2025-03-29 17:52:31,744 - INFO -    46      2.3e+03    0.00063  0.00024     0.83    +
2025-03-29 17:52:41,445 - INFO -    47      2.3e+03     0.0006   0.0024     0.93   ++
2025-03-29 17:52:44,196 - INFO -    48      2.3e+03     0.0006   0.0012    -0.44    -
2025-03-29 17:52:53,731 - INFO -    49      2.3e+03    0.00059   0.0012     0.25    +
2025-03-29 17:52:56,582 - INFO -    50      2.3e+03    0.00059   0.0006     -2.2    -
2025-03-29 17:53:06,173 - INFO -    51      2.3e+03    0.00066   0.0006     0.35    +
2025-03-29 17:53:15,899 - INFO -    52      2.3e+03    0.00059   0.0006     0.44    +
2025-03-29 17:53:25,449 - INFO -    53      2.3e+03    0.00062   0.0006     0.28    +
2025-03-29 17:53:35,009 - INFO -    54      2.3e+03     0.0006   0.0006     0.53    +
2025-03-29 17:53:37,826 - INFO -    55      2.3e+03     0.0006   0.0003    -0.52    -
2025-03-29 17:53:47,293 - INFO -    56      2.3e+03     0.0006   0.0003     0.87    +
2025-03-29 17:53:56,861 - INFO -    57      2.3e+03    0.00062   0.0003      0.2    +
2025-03-29 17:54:06,523 - INFO -    58      2.3e+03     0.0006    0.003     0.98   ++
2025-03-29 17:54:16,149 - INFO -    59      2.3e+03    0.00064    0.003     0.71    +
2025-03-29 17:54:18,923 - INFO -    60      2.3e+03    0.00064   0.0015     -3.4    -
2025-03-29 17:54:21,725 - INFO -    61      2.3e+03    0.00064  0.00075     -3.4    -
2025-03-29 17:54:24,523 - INFO -    62      2.3e+03    0.00064  0.00037    -0.93    -
2025-03-29 17:54:34,263 - INFO -    63      2.3e+03    0.00061  0.00037     0.73    +
2025-03-29 17:54:37,092 - INFO -    64      2.3e+03    0.00061  0.00019    0.037    -
2025-03-29 17:54:46,912 - INFO -    65      2.3e+03    0.00059  0.00019     0.66    +
2025-03-29 17:54:56,667 - INFO -    66      2.3e+03    0.00061  0.00019      0.3    +
2025-03-29 17:55:06,194 - INFO -    67      2.3e+03     0.0006   0.0019     0.99   ++
2025-03-29 17:55:15,807 - INFO -    68      2.3e+03    0.00061    0.019     0.94   ++
2025-03-29 17:55:25,393 - INFO -    69      2.3e+03     0.0006    0.019      0.8    +
2025-03-29 17:55:28,369 - INFO -    70      2.3e+03     0.0006   0.0093       -3    -
2025-03-29 17:55:31,180 - INFO -    71      2.3e+03     0.0006   0.0047     -3.1    -
2025-03-29 17:55:33,981 - INFO -    72      2.3e+03     0.0006   0.0023     -3.4    -
2025-03-29 17:55:36,782 - INFO -    73      2.3e+03     0.0006   0.0012     -2.8    -
2025-03-29 17:55:46,409 - INFO -    74      2.3e+03    0.00096   0.0012     0.56    +
2025-03-29 17:55:49,267 - INFO -    75      2.3e+03    0.00096  0.00058       -1    -
2025-03-29 17:55:58,965 - INFO -    76      2.3e+03    0.00066  0.00058     0.27    +
2025-03-29 17:56:08,647 - INFO -    77      2.3e+03    0.00055  0.00058     0.32    +
2025-03-29 17:56:11,380 - INFO -    78      2.3e+03    0.00055  0.00029    -0.36    -
2025-03-29 17:56:20,932 - INFO -    79      2.3e+03    0.00053  0.00029     0.48    +
2025-03-29 17:56:30,607 - INFO -    80      2.3e+03    0.00057  0.00029     0.84    +
2025-03-29 17:56:40,138 - INFO -    81      2.3e+03    0.00054  0.00029     0.54    +
2025-03-29 17:56:49,654 - INFO -    82      2.3e+03    0.00055   0.0029     0.97   ++
2025-03-29 17:56:59,304 - INFO -    83      2.3e+03    0.00054   0.0029     0.86    +
2025-03-29 17:57:08,779 - INFO -    84      2.3e+03    0.00056   0.0029     0.87    +
2025-03-29 17:57:18,464 - INFO -    85      2.3e+03    0.00052   0.0029      0.9    +
2025-03-29 17:57:28,095 - INFO -    86      2.3e+03    0.00057   0.0029     0.16    +
2025-03-29 17:57:30,955 - INFO -    87      2.3e+03    0.00057   0.0015     -3.4    -
2025-03-29 17:57:33,713 - INFO -    88      2.3e+03    0.00057  0.00073   -0.039    -
2025-03-29 17:57:43,323 - INFO -    89      2.3e+03     0.0018  0.00073     0.85    +
2025-03-29 17:57:52,925 - INFO -    90      2.3e+03     0.0045  0.00073     0.36    +
2025-03-29 17:58:02,621 - INFO -    91      2.3e+03     0.0016  0.00073     0.24    +
2025-03-29 17:58:05,519 - INFO -    92      2.3e+03     0.0016  0.00036    -0.89    -
2025-03-29 17:58:15,257 - INFO -    93      2.3e+03     0.0024  0.00036     0.67    +
2025-03-29 17:58:24,942 - INFO -    94      2.3e+03    0.00052   0.0036     0.92   ++
2025-03-29 17:58:34,588 - INFO -    95      2.3e+03     0.0033   0.0036     0.84    +
2025-03-29 17:58:44,272 - INFO -    96      2.3e+03     0.0008   0.0036     0.74    +
2025-03-29 17:58:47,118 - INFO -    97      2.3e+03     0.0008   0.0018     -9.1    -
2025-03-29 17:58:50,005 - INFO -    98      2.3e+03     0.0008  0.00091     -2.2    -
2025-03-29 17:58:52,777 - INFO -    99      2.3e+03     0.0008  0.00045    -0.15    -
2025-03-29 17:59:02,435 - INFO -   100      2.3e+03     0.0029  0.00045     0.47    +
2025-03-29 17:59:05,232 - INFO -   101      2.3e+03     0.0029  0.00023    0.023    -
2025-03-29 17:59:14,910 - INFO -   102      2.3e+03    0.00071  0.00023     0.66    +
2025-03-29 17:59:24,529 - INFO -   103      2.3e+03    0.00049   0.0023     0.97   ++
2025-03-29 17:59:27,321 - INFO -   104      2.3e+03    0.00049   0.0011    -0.32    -
2025-03-29 17:59:37,108 - INFO -   105      2.3e+03    0.00047   0.0011      0.4    +
2025-03-29 17:59:46,937 - INFO -   106      2.3e+03    0.00061   0.0011     0.72    +
2025-03-29 17:59:49,711 - INFO -   107      2.3e+03    0.00061  0.00057    -0.74    -
2025-03-29 17:59:52,546 - INFO -   108      2.3e+03    0.00061  0.00028    0.079    -
2025-03-29 18:00:02,359 - INFO -   109      2.3e+03    0.00049  0.00028      0.9    +
2025-03-29 18:00:11,935 - INFO -   110      2.3e+03    0.00048   0.0028     0.93   ++
2025-03-29 18:00:21,617 - INFO -   111      2.3e+03     0.0012   0.0028     0.89    +
2025-03-29 18:00:31,344 - INFO -   112      2.3e+03    0.00048    0.028     0.93   ++
2025-03-29 18:00:34,181 - INFO -   113      2.3e+03    0.00048    0.014      -32    -
2025-03-29 18:00:36,943 - INFO -   114      2.3e+03    0.00048   0.0071      -42    -
2025-03-29 18:00:39,738 - INFO -   115      2.3e+03    0.00048   0.0036      -17    -
2025-03-29 18:00:42,629 - INFO -   116      2.3e+03    0.00048   0.0018     -7.9    -
2025-03-29 18:00:45,419 - INFO -   117      2.3e+03    0.00048  0.00089     -3.5    -
2025-03-29 18:00:48,224 - INFO -   118      2.3e+03    0.00048  0.00044     -0.9    -
2025-03-29 18:00:51,096 - INFO -   119      2.3e+03    0.00048  0.00022   -0.059    -
2025-03-29 18:01:00,735 - INFO -   120      2.3e+03    0.00046  0.00022     0.54    +
2025-03-29 18:01:10,414 - INFO -   121      2.3e+03    0.00048  0.00022     0.88    +
2025-03-29 18:01:20,184 - INFO -   122      2.3e+03    0.00046   0.0022     0.98   ++
2025-03-29 18:01:29,733 - INFO -   123      2.3e+03    0.00051   0.0022     0.76    +
2025-03-29 18:01:39,383 - INFO -   124      2.3e+03    0.00045    0.022     0.94   ++
2025-03-29 18:01:42,259 - INFO -   125      2.3e+03    0.00045    0.011      -20    -
2025-03-29 18:01:45,087 - INFO -   126      2.3e+03    0.00045   0.0056      -13    -
2025-03-29 18:01:47,980 - INFO -   127      2.3e+03    0.00045   0.0028     -4.6    -
2025-03-29 18:01:50,790 - INFO -   128      2.3e+03    0.00045   0.0014     -1.5    -
2025-03-29 18:02:00,355 - INFO -   129      2.3e+03    0.00078   0.0014     0.24    +
2025-03-29 18:02:03,232 - INFO -   130      2.3e+03    0.00078  0.00069     -2.6    -
2025-03-29 18:02:06,142 - INFO -   131      2.3e+03    0.00078  0.00035    -0.65    -
2025-03-29 18:02:15,776 - INFO -   132      2.3e+03    0.00047  0.00035     0.67    +
2025-03-29 18:02:25,395 - INFO -   133      2.3e+03    0.00045  0.00035     0.45    +
2025-03-29 18:02:35,217 - INFO -   134      2.3e+03    0.00046   0.0035     0.97   ++
2025-03-29 18:02:44,968 - INFO -   135      2.3e+03     0.0038   0.0035     0.72    +
2025-03-29 18:02:47,761 - INFO -   136      2.3e+03     0.0038   0.0017    -0.95    -
2025-03-29 18:02:57,507 - INFO -   137      2.3e+03     0.0027   0.0017     0.43    +
2025-03-29 18:03:07,304 - INFO -   138      2.3e+03     0.0067   0.0017     0.12    +
2025-03-29 18:03:17,019 - INFO -   139      2.3e+03     0.0043   0.0017     0.36    +
2025-03-29 18:03:19,811 - INFO -   140      2.3e+03     0.0043  0.00087       -2    -
2025-03-29 18:03:22,634 - INFO -   141      2.3e+03     0.0043  0.00043    0.088    -
2025-03-29 18:03:32,190 - INFO -   142      2.3e+03    0.00043  0.00043      0.7    +
2025-03-29 18:03:41,770 - INFO -   143      2.3e+03    0.00043   0.0043     0.95   ++
2025-03-29 18:03:51,474 - INFO -   144      2.3e+03    0.00061    0.043     0.92   ++
2025-03-29 18:03:54,440 - INFO -   145      2.3e+03    0.00061    0.022       -7    -
2025-03-29 18:03:57,272 - INFO -   146      2.3e+03    0.00061    0.011     -4.2    -
2025-03-29 18:04:00,088 - INFO -   147      2.3e+03    0.00061   0.0054    -0.96    -
2025-03-29 18:04:09,572 - INFO -   148      2.3e+03     0.0032   0.0054     0.11    +
2025-03-29 18:04:12,441 - INFO -   149      2.3e+03     0.0032   0.0027     -2.5    -
2025-03-29 18:04:15,195 - INFO -   150      2.3e+03     0.0032   0.0014    -0.98    -
2025-03-29 18:04:24,810 - INFO -   151      2.3e+03     0.0031   0.0014     0.68    +
2025-03-29 18:04:27,592 - INFO -   152      2.3e+03     0.0031  0.00068     -1.4    -
2025-03-29 18:04:37,249 - INFO -   153      2.3e+03    0.00039  0.00068     0.66    +
2025-03-29 18:04:47,055 - INFO -   154      2.3e+03    0.00041  0.00068     0.88    +
2025-03-29 18:04:56,720 - INFO -   155      2.3e+03    0.00039   0.0068     0.99   ++
2025-03-29 18:05:06,429 - INFO -   156      2.3e+03     0.0011   0.0068      0.5    +
2025-03-29 18:05:09,334 - INFO -   157      2.3e+03     0.0011   0.0034     -0.8    -
2025-03-29 18:05:19,081 - INFO -   158      2.3e+03     0.0013   0.0034     0.51    +
2025-03-29 18:05:21,859 - INFO -   159      2.3e+03     0.0013   0.0017     -4.2    -
2025-03-29 18:05:24,697 - INFO -   160      2.3e+03     0.0013  0.00085    -0.47    -
2025-03-29 18:05:34,274 - INFO -   161      2.3e+03    0.00069  0.00085     0.52    +
2025-03-29 18:05:43,802 - INFO -   162      2.3e+03    0.00037  0.00085     0.87    +
2025-03-29 18:05:53,430 - INFO -   163      2.3e+03    0.00036  0.00085      0.6    +
2025-03-29 18:06:03,161 - INFO -   164      2.3e+03    0.00054  0.00085     0.71    +
2025-03-29 18:06:12,673 - INFO -   165      2.3e+03    0.00065  0.00085     0.33    +
2025-03-29 18:06:22,375 - INFO -   166      2.3e+03    0.00038  0.00085     0.85    +
2025-03-29 18:06:31,912 - INFO -   167      2.3e+03    0.00035  0.00085      0.5    +
2025-03-29 18:06:41,527 - INFO -   168      2.3e+03    0.00034  0.00085     0.72    +
2025-03-29 18:06:51,221 - INFO -   169      2.3e+03    0.00036  0.00085     0.31    +
2025-03-29 18:07:00,797 - INFO -   170      2.3e+03    0.00035  0.00085     0.71    +
2025-03-29 18:07:10,442 - INFO -   171      2.3e+03    0.00035  0.00085     0.68    +
2025-03-29 18:07:20,052 - INFO -   172      2.3e+03    0.00035   0.0085     0.95   ++
2025-03-29 18:07:22,891 - INFO -   173      2.3e+03    0.00035   0.0042   -0.057    -
2025-03-29 18:07:32,732 - INFO -   174      2.3e+03    0.00034   0.0042     0.65    +
2025-03-29 18:07:35,486 - INFO -   175      2.3e+03    0.00034   0.0021       -1    -
2025-03-29 18:07:38,341 - INFO -   176      2.3e+03    0.00034   0.0011    0.058    -
2025-03-29 18:07:48,007 - INFO -   177      2.3e+03    0.00035   0.0011     0.69    +
2025-03-29 18:07:50,835 - INFO -   178      2.3e+03    0.00035  0.00053   -0.019    -
2025-03-29 18:08:00,465 - INFO -   179      2.3e+03    0.00033  0.00053     0.59    +
2025-03-29 18:08:10,112 - INFO -   180      2.3e+03    0.00034   0.0053     0.91   ++
2025-03-29 18:08:12,959 - INFO -   181      2.3e+03    0.00034   0.0026    -0.17    -
2025-03-29 18:08:22,513 - INFO -   182      2.3e+03    0.00032   0.0026     0.28    +
2025-03-29 18:08:32,186 - INFO -   183      2.3e+03    0.00032    0.026     0.97   ++
2025-03-29 18:08:35,020 - INFO -   184      2.3e+03    0.00032    0.013       -5    -
2025-03-29 18:08:37,851 - INFO -   185      2.3e+03    0.00032   0.0066     -9.2    -
2025-03-29 18:08:40,729 - INFO -   186      2.3e+03    0.00032   0.0033     -8.6    -
2025-03-29 18:08:43,511 - INFO -   187      2.3e+03    0.00032   0.0017     -3.4    -
2025-03-29 18:08:46,384 - INFO -   188      2.3e+03    0.00032  0.00083    -0.84    -
2025-03-29 18:08:56,019 - INFO -   189      2.3e+03    0.00033  0.00083      0.2    +
2025-03-29 18:09:05,673 - INFO -   190      2.3e+03    0.00032  0.00083     0.55    +
2025-03-29 18:09:08,582 - INFO -   191      2.3e+03    0.00032  0.00041    0.049    -
2025-03-29 18:09:18,156 - INFO -   192      2.3e+03    0.00032  0.00041     0.53    +
2025-03-29 18:09:27,849 - INFO -   193      2.3e+03    0.00032   0.0041     0.99   ++
2025-03-29 18:09:37,514 - INFO -   194      2.3e+03     0.0003    0.041      0.9   ++
2025-03-29 18:09:47,268 - INFO -   195      2.3e+03     0.0015    0.041     0.89    +
2025-03-29 18:09:50,134 - INFO -   196      2.3e+03     0.0015    0.021     -7.1    -
2025-03-29 18:09:52,966 - INFO -   197      2.3e+03     0.0015     0.01     -5.7    -
2025-03-29 18:09:55,779 - INFO -   198      2.3e+03     0.0015   0.0052     -4.8    -
2025-03-29 18:09:58,633 - INFO -   199      2.3e+03     0.0015   0.0026     -4.5    -
2025-03-29 18:10:01,582 - INFO -   200      2.3e+03     0.0015   0.0013    -0.93    -
2025-03-29 18:10:11,195 - INFO -   201      2.3e+03    0.00019   0.0013     0.41    +
2025-03-29 18:10:20,904 - INFO -   202      2.3e+03    0.00023   0.0013      0.4    +
2025-03-29 18:10:23,682 - INFO -   203      2.3e+03    0.00023  0.00065    -0.39    -
2025-03-29 18:10:33,182 - INFO -   204      2.3e+03    0.00018  0.00065     0.71    +
2025-03-29 18:10:36,077 - INFO -   205      2.3e+03    0.00018  0.00032    -0.22    -
2025-03-29 18:10:45,710 - INFO -   206      2.3e+03    0.00021  0.00032     0.33    +
2025-03-29 18:10:55,361 - INFO -   207      2.3e+03    0.00021  0.00032     0.84    +
2025-03-29 18:11:05,123 - INFO -   208      2.3e+03     0.0002  0.00032     0.89    +
2025-03-29 18:11:14,755 - INFO -   209      2.3e+03    0.00021   0.0032     0.98   ++
2025-03-29 18:11:24,364 - INFO -   210      2.3e+03    0.00024   0.0032     0.83    +
2025-03-29 18:11:34,199 - INFO -   211      2.3e+03     0.0002   0.0032     0.45    +
2025-03-29 18:11:37,055 - INFO -   212      2.3e+03     0.0002   0.0016     -2.7    -
2025-03-29 18:11:39,810 - INFO -   213      2.3e+03     0.0002  0.00081   -0.017    -
2025-03-29 18:11:49,483 - INFO -   214      2.3e+03    0.00018  0.00081     0.79    +
2025-03-29 18:11:52,340 - INFO -   215      2.3e+03    0.00018   0.0004    -0.23    -
2025-03-29 18:12:01,879 - INFO -   216      2.3e+03     0.0002   0.0004     0.51    +
2025-03-29 18:12:11,554 - INFO -   217      2.3e+03    0.00019    0.004     0.96   ++
2025-03-29 18:12:21,133 - INFO -   218      2.3e+03    0.00018    0.004     0.67    +
2025-03-29 18:12:30,716 - INFO -   219      2.3e+03    0.00058    0.004     0.52    +
2025-03-29 18:12:33,514 - INFO -   220      2.3e+03    0.00058    0.002     -3.6    -
2025-03-29 18:12:43,017 - INFO -   221      2.3e+03    0.00016    0.002     0.29    +
2025-03-29 18:12:45,808 - INFO -   222      2.3e+03    0.00016    0.001     -1.9    -
2025-03-29 18:12:48,602 - INFO -   223      2.3e+03    0.00016   0.0005    0.096    -
2025-03-29 18:12:58,308 - INFO -   224      2.3e+03    0.00017   0.0005     0.83    +
2025-03-29 18:13:08,040 - INFO -   225      2.3e+03    0.00016   0.0005     0.86    +
2025-03-29 18:13:17,616 - INFO -   226      2.3e+03    0.00017   0.0005     0.75    +
2025-03-29 18:13:27,249 - INFO -   227      2.3e+03    0.00017    0.005     0.92   ++
2025-03-29 18:13:36,712 - INFO -   228      2.3e+03    0.00023    0.005     0.27    +
2025-03-29 18:13:46,414 - INFO -   229      2.3e+03    0.00015    0.005      0.8    +
2025-03-29 18:13:49,178 - INFO -   230      2.3e+03    0.00015   0.0025     -6.1    -
2025-03-29 18:13:52,115 - INFO -   231      2.3e+03    0.00015   0.0013     -1.8    -
2025-03-29 18:13:54,943 - INFO -   232      2.3e+03    0.00015  0.00063   -0.065    -
2025-03-29 18:14:04,626 - INFO -   233      2.3e+03    0.00015  0.00063     0.85    +
2025-03-29 18:14:14,144 - INFO -   234      2.3e+03    0.00014  0.00063     0.62    +
2025-03-29 18:14:23,839 - INFO -   235      2.3e+03    0.00015   0.0063     0.91   ++
2025-03-29 18:14:26,707 - INFO -   236      2.3e+03    0.00015   0.0032    -0.14    -
2025-03-29 18:14:36,253 - INFO -   237      2.3e+03    0.00015   0.0032     0.44    +
2025-03-29 18:14:39,145 - INFO -   238      2.3e+03    0.00015   0.0016    -0.29    -
2025-03-29 18:14:48,838 - INFO -   239      2.3e+03    0.00014   0.0016     0.67    +
2025-03-29 18:14:51,664 - INFO -   240      2.3e+03    0.00014  0.00079     -2.3    -
2025-03-29 18:14:54,522 - INFO -   241      2.3e+03    0.00014  0.00039   -0.014    -
2025-03-29 18:15:04,179 - INFO -   242      2.3e+03    0.00013  0.00039     0.78    +
2025-03-29 18:15:13,968 - INFO -   243      2.3e+03    0.00014  0.00039     0.66    +
2025-03-29 18:15:23,585 - INFO -   244      2.3e+03    0.00014  0.00039     0.31    +
2025-03-29 18:15:33,290 - INFO -   245      2.3e+03    0.00014   0.0039     0.98   ++
2025-03-29 18:15:42,867 - INFO -   246      2.3e+03    0.00015   0.0039     0.62    +
2025-03-29 18:15:52,595 - INFO -   247      2.3e+03    0.00013    0.039     0.93   ++
2025-03-29 18:15:55,292 - INFO -   248      2.3e+03    0.00013     0.02     -8.5    -
2025-03-29 18:15:58,106 - INFO -   249      2.3e+03    0.00013   0.0099     -6.9    -
2025-03-29 18:16:00,916 - INFO -   250      2.3e+03    0.00013   0.0049     -8.7    -
2025-03-29 18:16:03,734 - INFO -   251      2.3e+03    0.00013   0.0025     -6.4    -
2025-03-29 18:16:06,517 - INFO -   252      2.3e+03    0.00013   0.0012     -3.1    -
2025-03-29 18:16:09,328 - INFO -   253      2.3e+03    0.00013  0.00062    -0.23    -
2025-03-29 18:16:19,059 - INFO -   254      2.3e+03    0.00014  0.00062     0.78    +
2025-03-29 18:16:28,639 - INFO -   255      2.3e+03    0.00012  0.00062     0.85    +
2025-03-29 18:16:52,120 - INFO - Results saved in file 4-6-mxl-IV-final-elast~00.html
2025-03-29 18:16:52,125 - INFO - Results saved in file 4-6-mxl-IV-final-elast~00.pickle
2025-03-29 18:16:52,132 - INFO - Biogeme parameters read from biogeme.toml.
2025-03-29 18:16:54,291 - INFO - 
Scenario: tba_tot_diff increased by 1...
2025-03-29 18:16:54,291 - INFO -     Average increase in HV choice prob = -11.94%
2025-03-29 18:16:54,291 - INFO -     Average increase in AV choice prob = 7.39%
2025-03-29 18:16:54,291 - INFO -     Average increase in AVWL choice prob = 10.2%
2025-03-29 18:16:54,305 - INFO - Biogeme parameters read from biogeme.toml.
2025-03-29 18:16:56,528 - INFO - 
Scenario: ttu_diff increased by 1...
2025-03-29 18:16:56,528 - INFO -     Average increase in HV choice prob = -36.75%
2025-03-29 18:16:56,528 - INFO -     Average increase in AV choice prob = 53.84%
2025-03-29 18:16:56,528 - INFO -     Average increase in AVWL choice prob = 31.28%
2025-03-29 18:16:56,547 - INFO - Biogeme parameters read from biogeme.toml.
2025-03-29 18:16:58,753 - INFO - 
Scenario: av_fam increased by 1...
2025-03-29 18:16:58,753 - INFO -     Average increase in HV choice prob = 11.97%
2025-03-29 18:16:58,753 - INFO -     Average increase in AV choice prob = 14.83%
2025-03-29 18:16:58,753 - INFO -     Average increase in AVWL choice prob = -21.23%
2025-03-29 18:16:58,775 - INFO - Biogeme parameters read from biogeme.toml.
2025-03-29 18:17:01,005 - INFO - 
Scenario: all invidiuals were considered 65+ years old...
2025-03-29 18:17:01,005 - INFO -     Average increase in HV choice prob = 23.4%
2025-03-29 18:17:01,005 - INFO -     Average increase in AV choice prob = 28.58%
2025-03-29 18:17:01,005 - INFO -     Average increase in AVWL choice prob = -32.47%
2025-03-29 18:17:01,030 - INFO - Biogeme parameters read from biogeme.toml.
2025-03-29 18:17:03,264 - INFO - 
Scenario: av_usefulness increased by 1...
2025-03-29 18:17:03,264 - INFO -     Average increase in HV choice prob = -72.16%
2025-03-29 18:17:03,264 - INFO -     Average increase in AV choice prob = 463.37%
2025-03-29 18:17:03,264 - INFO -     Average increase in AVWL choice prob = 221.56%
2025-03-29 18:17:03,289 - INFO - Biogeme parameters read from biogeme.toml.
2025-03-29 18:17:05,511 - INFO - 
Scenario: polychronicity increased by 1...
2025-03-29 18:17:05,511 - INFO -     Average increase in HV choice prob = 43.31%
2025-03-29 18:17:05,511 - INFO -     Average increase in AV choice prob = -2.57%
2025-03-29 18:17:05,512 - INFO -     Average increase in AVWL choice prob = -26.93%
2025-03-29 18:17:05,538 - INFO - Biogeme parameters read from biogeme.toml.
2025-03-29 18:17:07,754 - INFO - 
Scenario: envt_concern increased by 1...
2025-03-29 18:17:07,754 - INFO -     Average increase in HV choice prob = -25.67%
2025-03-29 18:17:07,754 - INFO -     Average increase in AV choice prob = 76.21%
2025-03-29 18:17:07,754 - INFO -     Average increase in AVWL choice prob = 0.0%
2025-03-29 18:17:07,783 - INFO - Biogeme parameters read from biogeme.toml.
2025-03-29 18:17:10,019 - INFO - 
Scenario: avwl_tc decreased by 20%...
2025-03-29 18:17:10,020 - INFO -     Average increase in HV choice prob = 13.63%
2025-03-29 18:17:10,020 - INFO -     Average increase in AV choice prob = 14.16%
2025-03-29 18:17:10,020 - INFO -     Average increase in AVWL choice prob = -15.07%
2025-03-29 18:17:10,051 - INFO - Biogeme parameters read from biogeme.toml.
2025-03-29 18:17:12,293 - INFO - 
Scenario: envt_concern set to sample Q3...
2025-03-29 18:17:12,293 - INFO -     Average increase in HV choice prob = -4.65%
2025-03-29 18:17:12,293 - INFO -     Average increase in AV choice prob = 119.02%
2025-03-29 18:17:12,293 - INFO -     Average increase in AVWL choice prob = 28.83%
2025-03-29 18:17:12,356 - INFO - Biogeme parameters read from biogeme.toml.
2025-03-29 18:17:14,591 - INFO - 
Scenario: envt_concern set to sample Q3 and above...
2025-03-29 18:17:14,591 - INFO -     Average increase in HV choice prob = -14.59%
2025-03-29 18:17:14,591 - INFO -     Average increase in AV choice prob = 120.89%
2025-03-29 18:17:14,592 - INFO -     Average increase in AVWL choice prob = 20.59%
2025-03-29 18:17:14,625 - INFO - Biogeme parameters read from biogeme.toml.
2025-03-29 18:17:16,851 - INFO - 
Scenario: av_usefulness set to sample Q3...
2025-03-29 18:17:16,852 - INFO -     Average increase in HV choice prob = 64.64%
2025-03-29 18:17:16,852 - INFO -     Average increase in AV choice prob = 201997.29%
2025-03-29 18:17:16,852 - INFO -     Average increase in AVWL choice prob = 34643.62%
2025-03-29 18:17:16,887 - INFO - Biogeme parameters read from biogeme.toml.
2025-03-29 18:17:19,121 - INFO - 
Scenario: av_usefulness set to sample Q3 and above...
2025-03-29 18:17:19,121 - INFO -     Average increase in HV choice prob = -58.82%
2025-03-29 18:17:19,121 - INFO -     Average increase in AV choice prob = 75445.68%
2025-03-29 18:17:19,121 - INFO -     Average increase in AVWL choice prob = 12483.4%
2025-03-29 18:17:19,154 - INFO - Biogeme parameters read from biogeme.toml.
2025-03-29 18:17:21,381 - INFO - 
Scenario: polychronicity set to sample Q3...
2025-03-29 18:17:21,381 - INFO -     Average increase in HV choice prob = -56.69%
2025-03-29 18:17:21,381 - INFO -     Average increase in AV choice prob = 261437.96%
2025-03-29 18:17:21,381 - INFO -     Average increase in AVWL choice prob = 133066.07%
2025-03-29 18:17:21,415 - INFO - Biogeme parameters read from biogeme.toml.
2025-03-29 18:17:23,644 - INFO - 
Scenario: polychronicity set to sample Q3 and above...
2025-03-29 18:17:23,644 - INFO -     Average increase in HV choice prob = -54.61%
2025-03-29 18:17:23,644 - INFO -     Average increase in AV choice prob = 196509.71%
2025-03-29 18:17:23,644 - INFO -     Average increase in AVWL choice prob = 39583.02%
