2025-03-28 22:40:47,105 - INFO - Script execution started.
2025-03-28 22:40:47,197 - INFO - Biogeme parameters read from biogeme.toml.
2025-03-28 22:40:53,436 - INFO - As the model is rather complex, we cancel the calculation of second derivatives. If you want to control the parameters, change the name of the algorithm in the TOML file from "automatic" to "simple_bounds"
2025-03-28 22:40:53,437 - INFO - *** Initial values of the parameters are obtained from the file __5-1-mxl-V-initial.iter
2025-03-28 22:40:53,440 - INFO - Cannot read file __5-1-mxl-V-initial.iter. Statement is ignored.
2025-03-28 22:40:54,011 - INFO - As the model is rather complex, we cancel the calculation of second derivatives. If you want to control the parameters, change the name of the algorithm in the TOML file from "automatic" to "simple_bounds"
2025-03-28 22:40:54,011 - INFO - Optimization algorithm: hybrid Newton/BFGS with simple bounds [simple_bounds]
2025-03-28 22:40:54,011 - INFO - ** Optimization: BFGS with trust region for simple bounds
2025-03-28 22:40:59,541 - INFO - Iter.     Function    Relgrad   Radius      Rho     
2025-03-28 22:41:01,718 - INFO -     0      2.7e+03        1.4      0.5        0    -
2025-03-28 22:41:04,632 - INFO -     1      2.7e+03        1.4     0.25        0    -
2025-03-28 22:41:07,496 - INFO -     2      2.7e+03        1.4     0.12        0    -
2025-03-28 22:41:10,393 - INFO -     3      2.7e+03        1.4    0.062      -37    -
2025-03-28 22:41:13,359 - INFO -     4      2.7e+03        1.4    0.031      -33    -
2025-03-28 22:41:16,256 - INFO -     5      2.7e+03        1.4    0.016      -27    -
2025-03-28 22:41:19,051 - INFO -     6      2.7e+03        1.4   0.0078      -19    -
2025-03-28 22:41:21,801 - INFO -     7      2.7e+03        1.4   0.0039      -11    -
2025-03-28 22:41:24,651 - INFO -     8      2.7e+03        1.4    0.002     -4.6    -
2025-03-28 22:41:27,552 - INFO -     9      2.7e+03        1.4  0.00098     -1.6    -
2025-03-28 22:41:30,291 - INFO -    10      2.7e+03        1.4  0.00049    -0.25    -
2025-03-28 22:41:44,344 - INFO -    11      2.7e+03       0.68  0.00049     0.39    +
2025-03-28 22:41:58,638 - INFO -    12      2.7e+03       0.11   0.0049     0.99   ++
2025-03-28 22:42:13,376 - INFO -    13      2.7e+03       0.43    0.049     0.99   ++
2025-03-28 22:42:27,497 - INFO -    14      2.7e+03       0.82     0.49     0.93   ++
2025-03-28 22:42:30,200 - INFO -    15      2.7e+03       0.82     0.24    -0.77    -
2025-03-28 22:42:33,076 - INFO -    16      2.7e+03       0.82     0.12   0.0055    -
2025-03-28 22:42:47,458 - INFO -    17      2.7e+03        8.9     0.12     0.41    +
2025-03-28 22:43:02,028 - INFO -    18      2.6e+03       0.89     0.12     0.88    +
2025-03-28 22:43:16,120 - INFO -    19      2.6e+03       0.34      1.2     0.94   ++
2025-03-28 22:43:30,391 - INFO -    20      2.5e+03        1.3       12     0.91   ++
2025-03-28 22:43:33,134 - INFO -    21      2.5e+03        1.3      6.1     -8.1    -
2025-03-28 22:43:35,936 - INFO -    22      2.5e+03        1.3      3.1     -6.3    -
2025-03-28 22:43:38,815 - INFO -    23      2.5e+03        1.3      1.5     -5.3    -
2025-03-28 22:43:41,605 - INFO -    24      2.5e+03        1.3     0.76     -2.8    -
2025-03-28 22:43:44,409 - INFO -    25      2.5e+03        1.3     0.38    -0.53    -
2025-03-28 22:43:58,445 - INFO -    26      2.5e+03        1.4     0.38     0.38    +
2025-03-28 22:44:13,123 - INFO -    27      2.5e+03        2.7     0.38     0.29    +
2025-03-28 22:44:27,524 - INFO -    28      2.4e+03        2.2     0.38     0.78    +
2025-03-28 22:44:30,368 - INFO -    29      2.4e+03        2.2     0.19    -0.73    -
2025-03-28 22:44:33,171 - INFO -    30      2.4e+03        2.2    0.095    -0.15    -
2025-03-28 22:44:35,972 - INFO -    31      2.4e+03        2.2    0.048    0.075    -
2025-03-28 22:44:50,637 - INFO -    32      2.4e+03        2.1    0.048     0.15    +
2025-03-28 22:45:05,122 - INFO -    33      2.4e+03      0.046     0.48        1   ++
2025-03-28 22:45:07,814 - INFO -    34      2.4e+03      0.046     0.24    0.033    -
2025-03-28 22:45:22,253 - INFO -    35      2.4e+03      0.029     0.24     0.57    +
2025-03-28 22:45:36,617 - INFO -    36      2.4e+03       0.33     0.24     0.81    +
2025-03-28 22:45:50,630 - INFO -    37      2.4e+03       0.18      2.4      1.1   ++
2025-03-28 22:46:05,222 - INFO -    38      2.4e+03        1.1       24        1   ++
2025-03-28 22:46:07,925 - INFO -    39      2.4e+03        1.1       12      -11    -
2025-03-28 22:46:10,758 - INFO -    40      2.4e+03        1.1        6       -3    -
2025-03-28 22:46:13,532 - INFO -    41      2.4e+03        1.1        3    -0.92    -
2025-03-28 22:46:16,266 - INFO -    42      2.4e+03        1.1      1.5    -0.39    -
2025-03-28 22:46:19,194 - INFO -    43      2.4e+03        1.1     0.75    0.086    -
2025-03-28 22:46:33,574 - INFO -    44      2.4e+03      0.088     0.75     0.45    +
2025-03-28 22:46:47,684 - INFO -    45      2.4e+03       0.28     0.75     0.36    +
2025-03-28 22:47:02,001 - INFO -    46      2.4e+03       0.63     0.75     0.59    +
2025-03-28 22:47:04,709 - INFO -    47      2.4e+03       0.63     0.37    -0.91    -
2025-03-28 22:47:18,744 - INFO -    48      2.4e+03       0.33     0.37     0.56    +
2025-03-28 22:47:33,258 - INFO -    49      2.4e+03      0.085     0.37     0.72    +
2025-03-28 22:47:47,970 - INFO -    50      2.4e+03       0.15      3.7     0.91   ++
2025-03-28 22:48:02,296 - INFO -    51      2.4e+03        1.7      3.7     0.69    +
2025-03-28 22:48:05,073 - INFO -    52      2.4e+03        1.7      1.9     -3.5    -
2025-03-28 22:48:19,777 - INFO -    53      2.4e+03       0.14      1.9     0.67    +
2025-03-28 22:48:22,465 - INFO -    54      2.4e+03       0.14     0.93     -1.6    -
2025-03-28 22:48:25,318 - INFO -    55      2.4e+03       0.14     0.47    0.062    -
2025-03-28 22:48:39,616 - INFO -    56      2.4e+03       0.28     0.47     0.64    +
2025-03-28 22:48:53,599 - INFO -    57      2.4e+03       0.15     0.47     0.85    +
2025-03-28 22:49:07,851 - INFO -    58      2.4e+03       0.09      4.7      1.2   ++
2025-03-28 22:49:10,688 - INFO -    59      2.4e+03       0.09      1.7     -1.7    -
2025-03-28 22:49:25,050 - INFO -    60      2.4e+03       0.01       17      1.3   ++
2025-03-28 22:49:27,890 - INFO -    61      2.4e+03       0.01      3.3     -3.6    -
2025-03-28 22:49:42,091 - INFO -    62      2.4e+03       0.25       33      1.1   ++
2025-03-28 22:49:44,769 - INFO -    63      2.4e+03       0.25      5.3       -4    -
2025-03-28 22:49:47,649 - INFO -    64      2.4e+03       0.25      2.6     -3.3    -
2025-03-28 22:49:50,515 - INFO -    65      2.4e+03       0.25      1.3     -1.6    -
2025-03-28 22:49:53,285 - INFO -    66      2.4e+03       0.25     0.66    -0.12    -
2025-03-28 22:50:07,380 - INFO -    67      2.4e+03      0.048     0.66     0.74    +
2025-03-28 22:50:21,482 - INFO -    68      2.4e+03       0.22     0.66     0.83    +
2025-03-28 22:50:35,940 - INFO -    69      2.4e+03      0.074      6.6      1.2   ++
2025-03-28 22:50:50,538 - INFO -    70      2.4e+03        0.3      6.6     0.51    +
2025-03-28 22:51:04,889 - INFO -    71      2.4e+03       0.32      6.6     0.38    +
2025-03-28 22:51:18,939 - INFO -    72      2.4e+03      0.057       66      1.1   ++
2025-03-28 22:51:33,200 - INFO -    73      2.4e+03     0.0031  6.6e+02      1.7   ++
2025-03-28 22:51:47,860 - INFO -    74      2.4e+03       0.11  6.6e+03      1.4   ++
2025-03-28 22:52:02,134 - INFO -    75      2.4e+03       0.11  6.6e+04      1.5   ++
2025-03-28 22:52:16,261 - INFO -    76      2.4e+03       0.05  6.6e+05      1.4   ++
2025-03-28 22:52:30,395 - INFO -    77      2.4e+03     0.0094  6.6e+06      1.5   ++
2025-03-28 22:52:44,583 - INFO -    78      2.4e+03      0.053  6.6e+07      1.5   ++
2025-03-28 22:52:58,895 - INFO -    79      2.4e+03      0.075  6.6e+08      1.5   ++
2025-03-28 22:53:13,039 - INFO -    80      2.4e+03      0.085  6.6e+09      1.5   ++
2025-03-28 22:53:27,627 - INFO -    81      2.4e+03      0.098    1e+10      1.5   ++
2025-03-28 22:53:41,879 - INFO -    82      2.4e+03        0.1    1e+10      1.4   ++
2025-03-28 22:53:56,130 - INFO -    83      2.4e+03        0.1    1e+10      1.6   ++
2025-03-28 22:54:10,605 - INFO -    84      2.4e+03     0.0053    1e+10      1.3   ++
2025-03-28 22:54:25,637 - INFO -    85      2.4e+03      0.024    1e+10      1.6   ++
2025-03-28 22:54:39,763 - INFO -    86      2.4e+03      0.012    1e+10      1.3   ++
2025-03-28 22:54:54,134 - INFO -    87      2.4e+03      0.008    1e+10      1.6   ++
2025-03-28 22:55:08,621 - INFO -    88      2.4e+03     0.0065    1e+10      1.4   ++
2025-03-28 22:55:22,948 - INFO -    89      2.4e+03       0.03    1e+10      1.5   ++
2025-03-28 22:55:37,232 - INFO -    90      2.4e+03      0.089    1e+10      1.4   ++
2025-03-28 22:55:51,478 - INFO -    91      2.4e+03       0.12    1e+10      1.5   ++
2025-03-28 22:56:05,927 - INFO -    92      2.4e+03       0.12    1e+10      1.4   ++
2025-03-28 22:56:19,931 - INFO -    93      2.4e+03      0.066    1e+10      1.4   ++
2025-03-28 22:56:34,267 - INFO -    94      2.4e+03      0.028    1e+10      1.3   ++
2025-03-28 22:56:48,599 - INFO -    95      2.4e+03       0.04    1e+10      1.4   ++
2025-03-28 22:57:02,963 - INFO -    96      2.4e+03      0.045    1e+10      1.4   ++
2025-03-28 22:57:17,218 - INFO -    97      2.4e+03      0.035    1e+10      1.5   ++
2025-03-28 22:57:31,728 - INFO -    98      2.4e+03     0.0079    1e+10      1.4   ++
2025-03-28 22:57:45,991 - INFO -    99      2.4e+03      0.014    1e+10      1.4   ++
2025-03-28 22:58:00,373 - INFO -   100      2.4e+03      0.023    1e+10      1.4   ++
2025-03-28 22:58:14,413 - INFO -   101      2.4e+03      0.015    1e+10      1.5   ++
2025-03-28 22:58:28,462 - INFO -   102      2.4e+03     0.0022    1e+10      1.5   ++
2025-03-28 22:58:42,761 - INFO -   103      2.4e+03      0.017    1e+10      1.4   ++
2025-03-28 22:58:57,150 - INFO -   104      2.4e+03      0.019    1e+10      1.4   ++
2025-03-28 22:59:11,441 - INFO -   105      2.4e+03      0.011    1e+10      1.5   ++
2025-03-28 22:59:25,594 - INFO -   106      2.4e+03     0.0021    1e+10      1.4   ++
2025-03-28 22:59:39,758 - INFO -   107      2.4e+03       0.01    1e+10      1.4   ++
2025-03-28 22:59:53,899 - INFO -   108      2.4e+03       0.01    1e+10      1.4   ++
2025-03-28 23:00:08,297 - INFO -   109      2.4e+03      0.004    1e+10      1.4   ++
2025-03-28 23:00:22,556 - INFO -   110      2.4e+03     0.0042    1e+10      1.5   ++
2025-03-28 23:00:36,886 - INFO -   111      2.4e+03      0.011    1e+10      1.4   ++
2025-03-28 23:00:50,753 - INFO -   112      2.4e+03     0.0095    1e+10      1.5   ++
2025-03-28 23:01:04,972 - INFO -   113      2.4e+03     0.0037    1e+10      1.4   ++
2025-03-28 23:01:19,306 - INFO -   114      2.4e+03     0.0029    1e+10      1.4   ++
2025-03-28 23:01:33,355 - INFO -   115      2.4e+03     0.0064    1e+10      1.4   ++
2025-03-28 23:01:47,680 - INFO -   116      2.4e+03     0.0049    1e+10      1.4   ++
2025-03-28 23:02:02,019 - INFO -   117      2.4e+03     0.0018    1e+10      1.5   ++
2025-03-28 23:02:16,240 - INFO -   118      2.4e+03     0.0024    1e+10      1.5   ++
2025-03-28 23:02:30,786 - INFO -   119      2.4e+03     0.0051    1e+10      1.4   ++
2025-03-28 23:02:44,876 - INFO -   120      2.4e+03     0.0047    1e+10      1.4   ++
2025-03-28 23:02:59,226 - INFO -   121      2.4e+03     0.0021    1e+10      1.5   ++
2025-03-28 23:03:13,821 - INFO -   122      2.4e+03     0.0014    1e+10      1.5   ++
2025-03-28 23:03:27,971 - INFO -   123      2.4e+03     0.0037    1e+10      1.4   ++
2025-03-28 23:03:42,434 - INFO -   124      2.4e+03     0.0038    1e+10      1.4   ++
2025-03-28 23:03:56,837 - INFO -   125      2.4e+03     0.0018    1e+10      1.4   ++
2025-03-28 23:04:10,732 - INFO -   126      2.4e+03    0.00023    1e+10      1.4   ++
2025-03-28 23:04:25,173 - INFO -   127      2.4e+03     0.0014    1e+10      1.4   ++
2025-03-28 23:04:39,876 - INFO -   128      2.4e+03     0.0018    1e+10      1.4   ++
2025-03-28 23:04:54,106 - INFO -   129      2.4e+03     0.0012    1e+10      1.4   ++
2025-03-28 23:05:08,610 - INFO -   130      2.4e+03    0.00019    1e+10      1.4   ++
2025-03-28 23:05:23,045 - INFO -   131      2.4e+03    0.00051    1e+10      1.4   ++
2025-03-28 23:05:37,124 - INFO -   132      2.4e+03    0.00081    1e+10      1.5   ++
2025-03-28 23:05:51,555 - INFO -   133      2.4e+03    0.00072    1e+10      1.5   ++
2025-03-28 23:06:05,727 - INFO -   134      2.4e+03    0.00033    1e+10      1.4   ++
2025-03-28 23:06:19,991 - INFO -   135      2.4e+03    2.6e-05    1e+10      1.4   ++
2025-03-28 23:07:00,000 - INFO - Results saved in file 5-1-mxl-V-initial.html
2025-03-28 23:07:00,006 - INFO - Results saved in file 5-1-mxl-V-initial.pickle
