2025-03-28 22:22:34,101 - INFO - Script execution started.
2025-03-28 22:22:34,193 - INFO - Biogeme parameters read from biogeme.toml.
2025-03-28 22:22:47,051 - INFO - As the model is rather complex, we cancel the calculation of second derivatives. If you want to control the parameters, change the name of the algorithm in the TOML file from "automatic" to "simple_bounds"
2025-03-28 22:22:47,051 - INFO - *** Initial values of the parameters are obtained from the file __5-2-mxl-V-final.iter
2025-03-28 22:22:47,052 - INFO - Cannot read file __5-2-mxl-V-final.iter. Statement is ignored.
2025-03-28 22:22:47,684 - INFO - As the model is rather complex, we cancel the calculation of second derivatives. If you want to control the parameters, change the name of the algorithm in the TOML file from "automatic" to "simple_bounds"
2025-03-28 22:22:47,684 - INFO - Optimization algorithm: hybrid Newton/BFGS with simple bounds [simple_bounds]
2025-03-28 22:22:47,684 - INFO - ** Optimization: BFGS with trust region for simple bounds
2025-03-28 22:22:50,799 - INFO - Iter.     Function    Relgrad   Radius      Rho     
2025-03-28 22:22:53,648 - INFO -     0      2.7e+03        1.4      0.5        0    -
2025-03-28 22:22:57,067 - INFO -     1      2.7e+03        1.4     0.25        0    -
2025-03-28 22:23:00,421 - INFO -     2      2.7e+03        1.4     0.12      -40    -
2025-03-28 22:23:03,627 - INFO -     3      2.7e+03        1.4    0.062      -37    -
2025-03-28 22:23:07,004 - INFO -     4      2.7e+03        1.4    0.031      -33    -
2025-03-28 22:23:10,307 - INFO -     5      2.7e+03        1.4    0.016      -27    -
2025-03-28 22:23:13,663 - INFO -     6      2.7e+03        1.4   0.0078      -19    -
2025-03-28 22:23:16,935 - INFO -     7      2.7e+03        1.4   0.0039      -11    -
2025-03-28 22:23:20,432 - INFO -     8      2.7e+03        1.4    0.002     -4.7    -
2025-03-28 22:23:23,634 - INFO -     9      2.7e+03        1.4  0.00098     -1.7    -
2025-03-28 22:23:27,046 - INFO -    10      2.7e+03        1.4  0.00049    -0.27    -
2025-03-28 22:23:37,822 - INFO -    11      2.7e+03       0.68  0.00049     0.38    +
2025-03-28 22:23:49,582 - INFO -    12      2.7e+03       0.11   0.0049     0.99   ++
2025-03-28 22:24:01,294 - INFO -    13      2.7e+03       0.43    0.049     0.99   ++
2025-03-28 22:24:12,980 - INFO -    14      2.7e+03       0.82     0.49     0.93   ++
2025-03-28 22:24:16,523 - INFO -    15      2.7e+03       0.82     0.24    -0.79    -
2025-03-28 22:24:20,231 - INFO -    16      2.7e+03       0.82     0.12   -0.011    -
2025-03-28 22:24:32,034 - INFO -    17      2.7e+03          9     0.12      0.4    +
2025-03-28 22:24:43,956 - INFO -    18      2.6e+03       0.98     0.12     0.87    +
2025-03-28 22:24:55,813 - INFO -    19      2.6e+03       0.35      1.2     0.94   ++
2025-03-28 22:25:07,672 - INFO -    20      2.5e+03        1.5       12     0.92   ++
2025-03-28 22:25:11,481 - INFO -    21      2.5e+03        1.5      6.1     -8.8    -
2025-03-28 22:25:15,306 - INFO -    22      2.5e+03        1.5      3.1     -7.1    -
2025-03-28 22:25:19,035 - INFO -    23      2.5e+03        1.5      1.5     -6.2    -
2025-03-28 22:25:22,758 - INFO -    24      2.5e+03        1.5     0.76     -3.6    -
2025-03-28 22:25:26,397 - INFO -    25      2.5e+03        1.5     0.38    -0.84    -
2025-03-28 22:25:38,778 - INFO -    26      2.5e+03        1.8     0.38     0.28    +
2025-03-28 22:25:50,536 - INFO -    27      2.5e+03        1.5     0.38     0.35    +
2025-03-28 22:26:02,397 - INFO -    28      2.4e+03       0.79     0.38     0.86    +
2025-03-28 22:26:06,154 - INFO -    29      2.4e+03       0.79     0.19     -1.3    -
2025-03-28 22:26:09,750 - INFO -    30      2.4e+03       0.79    0.095    -0.11    -
2025-03-28 22:26:21,582 - INFO -    31      2.4e+03        1.3    0.095     0.29    +
2025-03-28 22:26:33,313 - INFO -    32      2.4e+03       0.45    0.095     0.79    +
2025-03-28 22:26:45,177 - INFO -    33      2.4e+03       0.31    0.095     0.73    +
2025-03-28 22:26:57,208 - INFO -    34      2.4e+03      0.077     0.95        1   ++
2025-03-28 22:27:08,915 - INFO -    35      2.4e+03       0.39     0.95     0.25    +
2025-03-28 22:27:20,861 - INFO -    36      2.4e+03      0.028     0.95     0.15    +
2025-03-28 22:27:32,551 - INFO -    37      2.4e+03       0.29     0.95     0.48    +
2025-03-28 22:27:44,144 - INFO -    38      2.4e+03       0.15     0.95     0.79    +
2025-03-28 22:27:55,975 - INFO -    39      2.4e+03      0.065      9.5      1.3   ++
2025-03-28 22:27:59,597 - INFO -    40      2.4e+03      0.065      4.8     -1.2    -
2025-03-28 22:28:11,488 - INFO -    41      2.4e+03        1.2      4.8     0.71    +
2025-03-28 22:28:15,165 - INFO -    42      2.4e+03        1.2      2.4     -2.6    -
2025-03-28 22:28:18,831 - INFO -    43      2.4e+03        1.2      1.2    -0.28    -
2025-03-28 22:28:31,007 - INFO -    44      2.4e+03       0.36      1.2     0.67    +
2025-03-28 22:28:34,712 - INFO -    45      2.4e+03       0.36      0.6   -0.019    -
2025-03-28 22:28:46,788 - INFO -    46      2.4e+03       0.34      0.6     0.54    +
2025-03-28 22:28:58,600 - INFO -    47      2.4e+03        0.2      0.6     0.82    +
2025-03-28 22:29:10,385 - INFO -    48      2.4e+03       0.15        6     0.93   ++
2025-03-28 22:29:22,435 - INFO -    49      2.4e+03       0.96        6     0.68    +
2025-03-28 22:29:34,541 - INFO -    50      2.4e+03       0.34       60      1.3   ++
2025-03-28 22:29:46,064 - INFO -    51      2.4e+03       0.53    6e+02      1.4   ++
2025-03-28 22:29:58,082 - INFO -    52      2.4e+03       0.28    6e+03      1.3   ++
2025-03-28 22:30:10,072 - INFO -    53      2.4e+03      0.097    6e+04      1.5   ++
2025-03-28 22:30:21,980 - INFO -    54      2.4e+03       0.18    6e+05      1.3   ++
2025-03-28 22:30:34,066 - INFO -    55      2.4e+03       0.29    6e+06      1.6   ++
2025-03-28 22:30:45,964 - INFO -    56      2.4e+03        0.4    6e+07      1.5   ++
2025-03-28 22:30:57,913 - INFO -    57      2.4e+03       0.39    6e+08      1.6   ++
2025-03-28 22:31:09,730 - INFO -    58      2.4e+03        0.1    6e+09      1.4   ++
2025-03-28 22:31:21,693 - INFO -    59      2.4e+03      0.083    1e+10      1.5   ++
2025-03-28 22:31:33,321 - INFO -    60      2.4e+03      0.085    1e+10      1.6   ++
2025-03-28 22:31:45,311 - INFO -    61      2.4e+03      0.076    1e+10      1.2   ++
2025-03-28 22:31:57,307 - INFO -    62      2.4e+03       0.12    1e+10      1.5   ++
2025-03-28 22:32:09,296 - INFO -    63      2.4e+03       0.17    1e+10      1.4   ++
2025-03-28 22:32:20,959 - INFO -    64      2.4e+03      0.074    1e+10      1.4   ++
2025-03-28 22:32:32,991 - INFO -    65      2.4e+03      0.028    1e+10      1.7   ++
2025-03-28 22:32:44,949 - INFO -    66      2.4e+03       0.18    1e+10      1.3   ++
2025-03-28 22:32:56,756 - INFO -    67      2.4e+03       0.18    1e+10      1.4   ++
2025-03-28 22:33:08,703 - INFO -    68      2.4e+03      0.083    1e+10      1.3   ++
2025-03-28 22:33:20,824 - INFO -    69      2.4e+03     0.0021    1e+10      1.2   ++
2025-03-28 22:33:32,934 - INFO -    70      2.4e+03       0.02    1e+10      1.5   ++
2025-03-28 22:33:44,912 - INFO -    71      2.4e+03      0.034    1e+10      1.5   ++
2025-03-28 22:33:57,078 - INFO -    72      2.4e+03      0.041    1e+10      1.5   ++
2025-03-28 22:34:09,000 - INFO -    73      2.4e+03      0.041    1e+10      1.4   ++
2025-03-28 22:34:21,373 - INFO -    74      2.4e+03      0.029    1e+10      1.4   ++
2025-03-28 22:34:33,719 - INFO -    75      2.4e+03      0.009    1e+10      1.4   ++
2025-03-28 22:34:45,732 - INFO -    76      2.4e+03     0.0045    1e+10      1.4   ++
2025-03-28 22:34:58,068 - INFO -    77      2.4e+03     0.0097    1e+10      1.4   ++
2025-03-28 22:35:10,041 - INFO -    78      2.4e+03     0.0062    1e+10      1.3   ++
2025-03-28 22:35:21,782 - INFO -    79      2.4e+03     0.0036    1e+10      1.4   ++
2025-03-28 22:35:33,714 - INFO -    80      2.4e+03     0.0013    1e+10      1.3   ++
2025-03-28 22:35:45,741 - INFO -    81      2.4e+03    0.00071    1e+10      1.2   ++
2025-03-28 22:35:58,051 - INFO -    82      2.4e+03     0.0012    1e+10      1.6   ++
2025-03-28 22:36:10,029 - INFO -    83      2.4e+03    8.1e-05    1e+10      1.4   ++
2025-03-28 22:36:23,187 - INFO - Results saved in file 5-2-mxl-V-final.html
2025-03-28 22:36:23,190 - INFO - Results saved in file 5-2-mxl-V-final.pickle
